[0.810s] Invoking command in '/home/davey/ros2-learning-portfolio/src/parameters_package': PYTHONPATH=/home/davey/ros2-learning-portfolio/build/parameters_package/prefix_override:/usr/lib/python3/dist-packages/colcon_core/task/python/colcon_distutils_commands:/home/davey/ros2-learning-portfolio/install/parameters_package/lib/python3.10/site-packages:${PYTHONPATH} /usr/bin/python3 -W ignore:setup.py install is deprecated setup.py egg_info --egg-base ../../build/parameters_package build --build-base /home/davey/ros2-learning-portfolio/build/parameters_package/build install --record /home/davey/ros2-learning-portfolio/build/parameters_package/install.log --single-version-externally-managed install_data
[0.981s] running egg_info
[0.981s] writing ../../build/parameters_package/parameters_package.egg-info/PKG-INFO
[0.981s] writing dependency_links to ../../build/parameters_package/parameters_package.egg-info/dependency_links.txt
[0.981s] writing entry points to ../../build/parameters_package/parameters_package.egg-info/entry_points.txt
[0.982s] writing requirements to ../../build/parameters_package/parameters_package.egg-info/requires.txt
[0.982s] writing top-level names to ../../build/parameters_package/parameters_package.egg-info/top_level.txt
[0.983s] reading manifest file '../../build/parameters_package/parameters_package.egg-info/SOURCES.txt'
[0.983s] adding license file 'LICENSE'
[0.983s] writing manifest file '../../build/parameters_package/parameters_package.egg-info/SOURCES.txt'
[0.984s] running build
[0.984s] running build_py
[0.984s] running install
[0.985s] running install_lib
[0.986s] running install_data
[0.986s] running install_egg_info
[0.989s] removing '/home/davey/ros2-learning-portfolio/install/parameters_package/lib/python3.10/site-packages/parameters_package-0.0.0-py3.10.egg-info' (and everything under it)
[0.989s] Copying ../../build/parameters_package/parameters_package.egg-info to /home/davey/ros2-learning-portfolio/install/parameters_package/lib/python3.10/site-packages/parameters_package-0.0.0-py3.10.egg-info
[0.989s] running install_scripts
[1.038s] Installing alternating_publisher script to /home/davey/ros2-learning-portfolio/install/parameters_package/lib/parameters_package
[1.038s] Installing hello_world script to /home/davey/ros2-learning-portfolio/install/parameters_package/lib/parameters_package
[1.038s] Installing square_client script to /home/davey/ros2-learning-portfolio/install/parameters_package/lib/parameters_package
[1.038s] Installing square_service script to /home/davey/ros2-learning-portfolio/install/parameters_package/lib/parameters_package
[1.038s] writing list of installed files to '/home/davey/ros2-learning-portfolio/build/parameters_package/install.log'
[1.060s] Invoked command in '/home/davey/ros2-learning-portfolio/src/parameters_package' returned '0': PYTHONPATH=/home/davey/ros2-learning-portfolio/build/parameters_package/prefix_override:/usr/lib/python3/dist-packages/colcon_core/task/python/colcon_distutils_commands:/home/davey/ros2-learning-portfolio/install/parameters_package/lib/python3.10/site-packages:${PYTHONPATH} /usr/bin/python3 -W ignore:setup.py install is deprecated setup.py egg_info --egg-base ../../build/parameters_package build --build-base /home/davey/ros2-learning-portfolio/build/parameters_package/build install --record /home/davey/ros2-learning-portfolio/build/parameters_package/install.log --single-version-externally-managed install_data
