[0.541s] Invoking command in '/home/davey/ros2-learning-portfolio/src/parameters_package': PYTHONPATH=/home/davey/ros2-learning-portfolio/build/parameters_package/prefix_override:/usr/lib/python3/dist-packages/colcon_core/task/python/colcon_distutils_commands:/home/davey/ros2-learning-portfolio/install/parameters_package/lib/python3.10/site-packages:${PYTHONPATH} /usr/bin/python3 -W ignore:setup.py install is deprecated setup.py egg_info --egg-base ../../build/parameters_package build --build-base /home/davey/ros2-learning-portfolio/build/parameters_package/build install --record /home/davey/ros2-learning-portfolio/build/parameters_package/install.log --single-version-externally-managed install_data
[0.670s] running egg_info
[0.670s] writing ../../build/parameters_package/parameters_package.egg-info/PKG-INFO
[0.671s] writing dependency_links to ../../build/parameters_package/parameters_package.egg-info/dependency_links.txt
[0.671s] writing entry points to ../../build/parameters_package/parameters_package.egg-info/entry_points.txt
[0.671s] writing requirements to ../../build/parameters_package/parameters_package.egg-info/requires.txt
[0.671s] writing top-level names to ../../build/parameters_package/parameters_package.egg-info/top_level.txt
[0.672s] reading manifest file '../../build/parameters_package/parameters_package.egg-info/SOURCES.txt'
[0.672s] adding license file 'LICENSE'
[0.672s] writing manifest file '../../build/parameters_package/parameters_package.egg-info/SOURCES.txt'
[0.672s] running build
[0.672s] running build_py
[0.672s] copying parameters_package/alternating_publisher.py -> /home/davey/ros2-learning-portfolio/build/parameters_package/build/lib/parameters_package
[0.672s] running install
[0.673s] running install_lib
[0.673s] copying /home/davey/ros2-learning-portfolio/build/parameters_package/build/lib/parameters_package/alternating_publisher.py -> /home/davey/ros2-learning-portfolio/install/parameters_package/lib/python3.10/site-packages/parameters_package
[0.673s] byte-compiling /home/davey/ros2-learning-portfolio/install/parameters_package/lib/python3.10/site-packages/parameters_package/alternating_publisher.py to alternating_publisher.cpython-310.pyc
[0.674s] running install_data
[0.674s] copying launch/hello_world_launch.py -> /home/davey/ros2-learning-portfolio/install/parameters_package/share/parameters_package/launch
[0.674s] copying config/params.yaml -> /home/davey/ros2-learning-portfolio/install/parameters_package/share/parameters_package/config
[0.674s] running install_egg_info
[0.675s] removing '/home/davey/ros2-learning-portfolio/install/parameters_package/lib/python3.10/site-packages/parameters_package-0.0.0-py3.10.egg-info' (and everything under it)
[0.675s] Copying ../../build/parameters_package/parameters_package.egg-info to /home/davey/ros2-learning-portfolio/install/parameters_package/lib/python3.10/site-packages/parameters_package-0.0.0-py3.10.egg-info
[0.675s] running install_scripts
[0.735s] Installing hello_world script to /home/davey/ros2-learning-portfolio/install/parameters_package/lib/parameters_package
[0.735s] Installing square_client script to /home/davey/ros2-learning-portfolio/install/parameters_package/lib/parameters_package
[0.735s] Installing square_service script to /home/davey/ros2-learning-portfolio/install/parameters_package/lib/parameters_package
[0.735s] writing list of installed files to '/home/davey/ros2-learning-portfolio/build/parameters_package/install.log'
[0.752s] Invoked command in '/home/davey/ros2-learning-portfolio/src/parameters_package' returned '0': PYTHONPATH=/home/davey/ros2-learning-portfolio/build/parameters_package/prefix_override:/usr/lib/python3/dist-packages/colcon_core/task/python/colcon_distutils_commands:/home/davey/ros2-learning-portfolio/install/parameters_package/lib/python3.10/site-packages:${PYTHONPATH} /usr/bin/python3 -W ignore:setup.py install is deprecated setup.py egg_info --egg-base ../../build/parameters_package build --build-base /home/davey/ros2-learning-portfolio/build/parameters_package/build install --record /home/davey/ros2-learning-portfolio/build/parameters_package/install.log --single-version-externally-managed install_data
