[0.362s] Invoking command in '/home/davey/ros2-learning-portfolio/src/basic_package': PYTHONPATH=/home/davey/ros2-learning-portfolio/build/basic_package/prefix_override:/usr/lib/python3/dist-packages/colcon_core/task/python/colcon_distutils_commands:/home/davey/ros2-learning-portfolio/install/basic_package/lib/python3.10/site-packages:${PYTHONPATH} /usr/bin/python3 -W ignore:setup.py install is deprecated setup.py egg_info --egg-base ../../build/basic_package build --build-base /home/davey/ros2-learning-portfolio/build/basic_package/build install --record /home/davey/ros2-learning-portfolio/build/basic_package/install.log --single-version-externally-managed install_data
[0.489s] running egg_info
[0.490s] writing ../../build/basic_package/basic_package.egg-info/PKG-INFO
[0.490s] writing dependency_links to ../../build/basic_package/basic_package.egg-info/dependency_links.txt
[0.490s] writing entry points to ../../build/basic_package/basic_package.egg-info/entry_points.txt
[0.490s] writing requirements to ../../build/basic_package/basic_package.egg-info/requires.txt
[0.490s] writing top-level names to ../../build/basic_package/basic_package.egg-info/top_level.txt
[0.491s] reading manifest file '../../build/basic_package/basic_package.egg-info/SOURCES.txt'
[0.491s] adding license file 'LICENSE'
[0.491s] writing manifest file '../../build/basic_package/basic_package.egg-info/SOURCES.txt'
[0.491s] running build
[0.491s] running build_py
[0.492s] copying basic_package/basic_service.py -> /home/davey/ros2-learning-portfolio/build/basic_package/build/lib/basic_package
[0.492s] running install
[0.492s] running install_lib
[0.492s] copying /home/davey/ros2-learning-portfolio/build/basic_package/build/lib/basic_package/basic_service.py -> /home/davey/ros2-learning-portfolio/install/basic_package/lib/python3.10/site-packages/basic_package
[0.493s] byte-compiling /home/davey/ros2-learning-portfolio/install/basic_package/lib/python3.10/site-packages/basic_package/basic_service.py to basic_service.cpython-310.pyc
[0.493s] running install_data
[0.493s] running install_egg_info
[0.494s] removing '/home/davey/ros2-learning-portfolio/install/basic_package/lib/python3.10/site-packages/basic_package-0.0.0-py3.10.egg-info' (and everything under it)
[0.494s] Copying ../../build/basic_package/basic_package.egg-info to /home/davey/ros2-learning-portfolio/install/basic_package/lib/python3.10/site-packages/basic_package-0.0.0-py3.10.egg-info
[0.494s] running install_scripts
[0.540s] Installing basic_client script to /home/davey/ros2-learning-portfolio/install/basic_package/lib/basic_package
[0.540s] Installing basic_publisher script to /home/davey/ros2-learning-portfolio/install/basic_package/lib/basic_package
[0.540s] Installing basic_service script to /home/davey/ros2-learning-portfolio/install/basic_package/lib/basic_package
[0.540s] Installing basic_subscriber script to /home/davey/ros2-learning-portfolio/install/basic_package/lib/basic_package
[0.540s] writing list of installed files to '/home/davey/ros2-learning-portfolio/build/basic_package/install.log'
[0.554s] Invoked command in '/home/davey/ros2-learning-portfolio/src/basic_package' returned '0': PYTHONPATH=/home/davey/ros2-learning-portfolio/build/basic_package/prefix_override:/usr/lib/python3/dist-packages/colcon_core/task/python/colcon_distutils_commands:/home/davey/ros2-learning-portfolio/install/basic_package/lib/python3.10/site-packages:${PYTHONPATH} /usr/bin/python3 -W ignore:setup.py install is deprecated setup.py egg_info --egg-base ../../build/basic_package build --build-base /home/davey/ros2-learning-portfolio/build/basic_package/build install --record /home/davey/ros2-learning-portfolio/build/basic_package/install.log --single-version-externally-managed install_data
