[0.758s] Invoking command in '/home/davey/ros2-learning-portfolio/src/robot_package': PYTHONPATH=/home/davey/ros2-learning-portfolio/build/robot_package/prefix_override:/usr/lib/python3/dist-packages/colcon_core/task/python/colcon_distutils_commands:/home/davey/ros2-learning-portfolio/install/robot_package/lib/python3.10/site-packages:${PYTHONPATH} /usr/bin/python3 -W ignore:setup.py install is deprecated setup.py egg_info --egg-base ../../build/robot_package build --build-base /home/davey/ros2-learning-portfolio/build/robot_package/build install --record /home/davey/ros2-learning-portfolio/build/robot_package/install.log --single-version-externally-managed install_data
[0.969s] running egg_info
[0.969s] creating ../../build/robot_package/robot_package.egg-info
[0.969s] writing ../../build/robot_package/robot_package.egg-info/PKG-INFO
[0.969s] writing dependency_links to ../../build/robot_package/robot_package.egg-info/dependency_links.txt
[0.969s] writing entry points to ../../build/robot_package/robot_package.egg-info/entry_points.txt
[0.970s] writing requirements to ../../build/robot_package/robot_package.egg-info/requires.txt
[0.970s] writing top-level names to ../../build/robot_package/robot_package.egg-info/top_level.txt
[0.970s] writing manifest file '../../build/robot_package/robot_package.egg-info/SOURCES.txt'
[0.970s] reading manifest file '../../build/robot_package/robot_package.egg-info/SOURCES.txt'
[0.970s] adding license file 'LICENSE'
[0.970s] writing manifest file '../../build/robot_package/robot_package.egg-info/SOURCES.txt'
[0.971s] running build
[0.971s] running build_py
[0.971s] creating /home/davey/ros2-learning-portfolio/build/robot_package/build
[0.971s] creating /home/davey/ros2-learning-portfolio/build/robot_package/build/lib
[0.971s] creating /home/davey/ros2-learning-portfolio/build/robot_package/build/lib/robot_package
[0.971s] copying robot_package/__init__.py -> /home/davey/ros2-learning-portfolio/build/robot_package/build/lib/robot_package
[0.971s] copying robot_package/hello_world.py -> /home/davey/ros2-learning-portfolio/build/robot_package/build/lib/robot_package
[0.971s] running install
[0.971s] running install_lib
[0.971s] creating /home/davey/ros2-learning-portfolio/install/robot_package/lib/python3.10/site-packages/robot_package
[0.971s] copying /home/davey/ros2-learning-portfolio/build/robot_package/build/lib/robot_package/__init__.py -> /home/davey/ros2-learning-portfolio/install/robot_package/lib/python3.10/site-packages/robot_package
[0.971s] copying /home/davey/ros2-learning-portfolio/build/robot_package/build/lib/robot_package/hello_world.py -> /home/davey/ros2-learning-portfolio/install/robot_package/lib/python3.10/site-packages/robot_package
[0.972s] byte-compiling /home/davey/ros2-learning-portfolio/install/robot_package/lib/python3.10/site-packages/robot_package/__init__.py to __init__.cpython-310.pyc
[0.972s] byte-compiling /home/davey/ros2-learning-portfolio/install/robot_package/lib/python3.10/site-packages/robot_package/hello_world.py to hello_world.cpython-310.pyc
[0.972s] running install_data
[0.972s] creating /home/davey/ros2-learning-portfolio/install/robot_package/share/ament_index
[0.972s] creating /home/davey/ros2-learning-portfolio/install/robot_package/share/ament_index/resource_index
[0.972s] creating /home/davey/ros2-learning-portfolio/install/robot_package/share/ament_index/resource_index/packages
[0.972s] copying resource/robot_package -> /home/davey/ros2-learning-portfolio/install/robot_package/share/ament_index/resource_index/packages
[0.972s] copying package.xml -> /home/davey/ros2-learning-portfolio/install/robot_package/share/robot_package
[0.972s] creating /home/davey/ros2-learning-portfolio/install/robot_package/share/robot_package/launch
[0.972s] running install_egg_info
[0.973s] Copying ../../build/robot_package/robot_package.egg-info to /home/davey/ros2-learning-portfolio/install/robot_package/lib/python3.10/site-packages/robot_package-0.0.0-py3.10.egg-info
[0.974s] running install_scripts
[1.022s] Installing hello_world script to /home/davey/ros2-learning-portfolio/install/robot_package/lib/robot_package
[1.022s] writing list of installed files to '/home/davey/ros2-learning-portfolio/build/robot_package/install.log'
[1.047s] Invoked command in '/home/davey/ros2-learning-portfolio/src/robot_package' returned '0': PYTHONPATH=/home/davey/ros2-learning-portfolio/build/robot_package/prefix_override:/usr/lib/python3/dist-packages/colcon_core/task/python/colcon_distutils_commands:/home/davey/ros2-learning-portfolio/install/robot_package/lib/python3.10/site-packages:${PYTHONPATH} /usr/bin/python3 -W ignore:setup.py install is deprecated setup.py egg_info --egg-base ../../build/robot_package build --build-base /home/davey/ros2-learning-portfolio/build/robot_package/build install --record /home/davey/ros2-learning-portfolio/build/robot_package/install.log --single-version-externally-managed install_data
