[0.507s] Invoking command in '/home/davey/ros2-learning-portfolio/src/parameters_package': PYTHONPATH=/home/davey/ros2-learning-portfolio/build/parameters_package/prefix_override:/usr/lib/python3/dist-packages/colcon_core/task/python/colcon_distutils_commands:/home/davey/ros2-learning-portfolio/install/parameters_package/lib/python3.10/site-packages:${PYTHONPATH} /usr/bin/python3 -W ignore:setup.py install is deprecated setup.py egg_info --egg-base ../../build/parameters_package build --build-base /home/davey/ros2-learning-portfolio/build/parameters_package/build install --record /home/davey/ros2-learning-portfolio/build/parameters_package/install.log --single-version-externally-managed install_data
[0.632s] running egg_info
[0.632s] writing ../../build/parameters_package/parameters_package.egg-info/PKG-INFO
[0.632s] writing dependency_links to ../../build/parameters_package/parameters_package.egg-info/dependency_links.txt
[0.632s] writing entry points to ../../build/parameters_package/parameters_package.egg-info/entry_points.txt
[0.632s] writing requirements to ../../build/parameters_package/parameters_package.egg-info/requires.txt
[0.632s] writing top-level names to ../../build/parameters_package/parameters_package.egg-info/top_level.txt
[0.633s] reading manifest file '../../build/parameters_package/parameters_package.egg-info/SOURCES.txt'
[0.633s] adding license file 'LICENSE'
[0.634s] writing manifest file '../../build/parameters_package/parameters_package.egg-info/SOURCES.txt'
[0.634s] running build
[0.634s] running build_py
[0.634s] copying parameters_package/square_service.py -> /home/davey/ros2-learning-portfolio/build/parameters_package/build/lib/parameters_package
[0.634s] running install
[0.634s] running install_lib
[0.635s] copying /home/davey/ros2-learning-portfolio/build/parameters_package/build/lib/parameters_package/square_service.py -> /home/davey/ros2-learning-portfolio/install/parameters_package/lib/python3.10/site-packages/parameters_package
[0.635s] byte-compiling /home/davey/ros2-learning-portfolio/install/parameters_package/lib/python3.10/site-packages/parameters_package/square_service.py to square_service.cpython-310.pyc
[0.635s] running install_data
[0.635s] running install_egg_info
[0.637s] removing '/home/davey/ros2-learning-portfolio/install/parameters_package/lib/python3.10/site-packages/parameters_package-0.0.0-py3.10.egg-info' (and everything under it)
[0.637s] Copying ../../build/parameters_package/parameters_package.egg-info to /home/davey/ros2-learning-portfolio/install/parameters_package/lib/python3.10/site-packages/parameters_package-0.0.0-py3.10.egg-info
[0.638s] running install_scripts
[0.701s] Installing hello_world script to /home/davey/ros2-learning-portfolio/install/parameters_package/lib/parameters_package
[0.701s] Installing square_client script to /home/davey/ros2-learning-portfolio/install/parameters_package/lib/parameters_package
[0.701s] Installing square_service script to /home/davey/ros2-learning-portfolio/install/parameters_package/lib/parameters_package
[0.701s] writing list of installed files to '/home/davey/ros2-learning-portfolio/build/parameters_package/install.log'
[0.721s] Invoked command in '/home/davey/ros2-learning-portfolio/src/parameters_package' returned '0': PYTHONPATH=/home/davey/ros2-learning-portfolio/build/parameters_package/prefix_override:/usr/lib/python3/dist-packages/colcon_core/task/python/colcon_distutils_commands:/home/davey/ros2-learning-portfolio/install/parameters_package/lib/python3.10/site-packages:${PYTHONPATH} /usr/bin/python3 -W ignore:setup.py install is deprecated setup.py egg_info --egg-base ../../build/parameters_package build --build-base /home/davey/ros2-learning-portfolio/build/parameters_package/build install --record /home/davey/ros2-learning-portfolio/build/parameters_package/install.log --single-version-externally-managed install_data
