[0.927s] Invoking command in '/home/davey/ros2-learning-portfolio/src/parameters_package': PYTHONPATH=/home/davey/ros2-learning-portfolio/build/parameters_package/prefix_override:/usr/lib/python3/dist-packages/colcon_core/task/python/colcon_distutils_commands:/home/davey/ros2-learning-portfolio/install/parameters_package/lib/python3.10/site-packages:${PYTHONPATH} /usr/bin/python3 -W ignore:setup.py install is deprecated setup.py egg_info --egg-base ../../build/parameters_package build --build-base /home/davey/ros2-learning-portfolio/build/parameters_package/build install --record /home/davey/ros2-learning-portfolio/build/parameters_package/install.log --single-version-externally-managed install_data
[1.110s] running egg_info
[1.111s] writing ../../build/parameters_package/parameters_package.egg-info/PKG-INFO
[1.111s] writing dependency_links to ../../build/parameters_package/parameters_package.egg-info/dependency_links.txt
[1.111s] writing entry points to ../../build/parameters_package/parameters_package.egg-info/entry_points.txt
[1.111s] writing requirements to ../../build/parameters_package/parameters_package.egg-info/requires.txt
[1.111s] writing top-level names to ../../build/parameters_package/parameters_package.egg-info/top_level.txt
[1.112s] reading manifest file '../../build/parameters_package/parameters_package.egg-info/SOURCES.txt'
[1.113s] adding license file 'LICENSE'
[1.113s] writing manifest file '../../build/parameters_package/parameters_package.egg-info/SOURCES.txt'
[1.113s] running build
[1.113s] running build_py
[1.113s] running install
[1.114s] running install_lib
[1.117s] running install_data
[1.117s] running install_egg_info
[1.118s] removing '/home/davey/ros2-learning-portfolio/install/parameters_package/lib/python3.10/site-packages/parameters_package-0.0.0-py3.10.egg-info' (and everything under it)
[1.118s] Copying ../../build/parameters_package/parameters_package.egg-info to /home/davey/ros2-learning-portfolio/install/parameters_package/lib/python3.10/site-packages/parameters_package-0.0.0-py3.10.egg-info
[1.119s] running install_scripts
[1.172s] Installing alternating_publisher script to /home/davey/ros2-learning-portfolio/install/parameters_package/lib/parameters_package
[1.172s] Installing hello_world script to /home/davey/ros2-learning-portfolio/install/parameters_package/lib/parameters_package
[1.172s] Installing square_client script to /home/davey/ros2-learning-portfolio/install/parameters_package/lib/parameters_package
[1.172s] Installing square_service script to /home/davey/ros2-learning-portfolio/install/parameters_package/lib/parameters_package
[1.172s] writing list of installed files to '/home/davey/ros2-learning-portfolio/build/parameters_package/install.log'
[1.201s] Invoked command in '/home/davey/ros2-learning-portfolio/src/parameters_package' returned '0': PYTHONPATH=/home/davey/ros2-learning-portfolio/build/parameters_package/prefix_override:/usr/lib/python3/dist-packages/colcon_core/task/python/colcon_distutils_commands:/home/davey/ros2-learning-portfolio/install/parameters_package/lib/python3.10/site-packages:${PYTHONPATH} /usr/bin/python3 -W ignore:setup.py install is deprecated setup.py egg_info --egg-base ../../build/parameters_package build --build-base /home/davey/ros2-learning-portfolio/build/parameters_package/build install --record /home/davey/ros2-learning-portfolio/build/parameters_package/install.log --single-version-externally-managed install_data
