running egg_info
writing ../../build/parameters_package/parameters_package.egg-info/PKG-INFO
writing dependency_links to ../../build/parameters_package/parameters_package.egg-info/dependency_links.txt
writing entry points to ../../build/parameters_package/parameters_package.egg-info/entry_points.txt
writing requirements to ../../build/parameters_package/parameters_package.egg-info/requires.txt
writing top-level names to ../../build/parameters_package/parameters_package.egg-info/top_level.txt
reading manifest file '../../build/parameters_package/parameters_package.egg-info/SOURCES.txt'
adding license file 'LICENSE'
writing manifest file '../../build/parameters_package/parameters_package.egg-info/SOURCES.txt'
running build
running build_py
running install
running install_lib
running install_data
creating /home/davey/ros2-learning-portfolio/install/parameters_package/share/parameters_package/launch
copying launch/hello_world_launch.py -> /home/davey/ros2-learning-portfolio/install/parameters_package/share/parameters_package/launch
creating /home/davey/ros2-learning-portfolio/install/parameters_package/share/parameters_package/config
copying config/params.yaml -> /home/davey/ros2-learning-portfolio/install/parameters_package/share/parameters_package/config
running install_egg_info
removing '/home/davey/ros2-learning-portfolio/install/parameters_package/lib/python3.10/site-packages/parameters_package-0.0.0-py3.10.egg-info' (and everything under it)
Copying ../../build/parameters_package/parameters_package.egg-info to /home/davey/ros2-learning-portfolio/install/parameters_package/lib/python3.10/site-packages/parameters_package-0.0.0-py3.10.egg-info
running install_scripts
Installing hello_world script to /home/davey/ros2-learning-portfolio/install/parameters_package/lib/parameters_package
writing list of installed files to '/home/davey/ros2-learning-portfolio/build/parameters_package/install.log'
