[0.679s] Invoking command in '/home/davey/ros2-learning-portfolio/src/parameters_package': PYTHONPATH=/home/davey/ros2-learning-portfolio/build/parameters_package/prefix_override:/usr/lib/python3/dist-packages/colcon_core/task/python/colcon_distutils_commands:/home/davey/ros2-learning-portfolio/install/parameters_package/lib/python3.10/site-packages:${PYTHONPATH} /usr/bin/python3 -W ignore:setup.py install is deprecated setup.py egg_info --egg-base ../../build/parameters_package build --build-base /home/davey/ros2-learning-portfolio/build/parameters_package/build install --record /home/davey/ros2-learning-portfolio/build/parameters_package/install.log --single-version-externally-managed install_data
[0.818s] running egg_info
[0.818s] writing ../../build/parameters_package/parameters_package.egg-info/PKG-INFO
[0.819s] writing dependency_links to ../../build/parameters_package/parameters_package.egg-info/dependency_links.txt
[0.819s] writing entry points to ../../build/parameters_package/parameters_package.egg-info/entry_points.txt
[0.819s] writing requirements to ../../build/parameters_package/parameters_package.egg-info/requires.txt
[0.819s] writing top-level names to ../../build/parameters_package/parameters_package.egg-info/top_level.txt
[0.819s] reading manifest file '../../build/parameters_package/parameters_package.egg-info/SOURCES.txt'
[0.819s] adding license file 'LICENSE'
[0.820s] writing manifest file '../../build/parameters_package/parameters_package.egg-info/SOURCES.txt'
[0.820s] running build
[0.820s] running build_py
[0.820s] running install
[0.820s] running install_lib
[0.821s] running install_data
[0.822s] running install_egg_info
[0.823s] removing '/home/davey/ros2-learning-portfolio/install/parameters_package/lib/python3.10/site-packages/parameters_package-0.0.0-py3.10.egg-info' (and everything under it)
[0.823s] Copying ../../build/parameters_package/parameters_package.egg-info to /home/davey/ros2-learning-portfolio/install/parameters_package/lib/python3.10/site-packages/parameters_package-0.0.0-py3.10.egg-info
[0.823s] running install_scripts
[0.868s] Installing alternating_publisher script to /home/davey/ros2-learning-portfolio/install/parameters_package/lib/parameters_package
[0.868s] Installing hello_world script to /home/davey/ros2-learning-portfolio/install/parameters_package/lib/parameters_package
[0.868s] Installing square_client script to /home/davey/ros2-learning-portfolio/install/parameters_package/lib/parameters_package
[0.868s] Installing square_service script to /home/davey/ros2-learning-portfolio/install/parameters_package/lib/parameters_package
[0.868s] writing list of installed files to '/home/davey/ros2-learning-portfolio/build/parameters_package/install.log'
[0.883s] Invoked command in '/home/davey/ros2-learning-portfolio/src/parameters_package' returned '0': PYTHONPATH=/home/davey/ros2-learning-portfolio/build/parameters_package/prefix_override:/usr/lib/python3/dist-packages/colcon_core/task/python/colcon_distutils_commands:/home/davey/ros2-learning-portfolio/install/parameters_package/lib/python3.10/site-packages:${PYTHONPATH} /usr/bin/python3 -W ignore:setup.py install is deprecated setup.py egg_info --egg-base ../../build/parameters_package build --build-base /home/davey/ros2-learning-portfolio/build/parameters_package/build install --record /home/davey/ros2-learning-portfolio/build/parameters_package/install.log --single-version-externally-managed install_data
