[0.544s] Invoking command in '/home/davey/ros2-learning-portfolio/src/parameters_package': PYTHONPATH=/home/davey/ros2-learning-portfolio/build/parameters_package/prefix_override:/usr/lib/python3/dist-packages/colcon_core/task/python/colcon_distutils_commands:/home/davey/ros2-learning-portfolio/install/parameters_package/lib/python3.10/site-packages:${PYTHONPATH} /usr/bin/python3 -W ignore:setup.py install is deprecated setup.py egg_info --egg-base ../../build/parameters_package build --build-base /home/davey/ros2-learning-portfolio/build/parameters_package/build install --record /home/davey/ros2-learning-portfolio/build/parameters_package/install.log --single-version-externally-managed install_data
[0.679s] running egg_info
[0.679s] creating ../../build/parameters_package/parameters_package.egg-info
[0.679s] writing ../../build/parameters_package/parameters_package.egg-info/PKG-INFO
[0.679s] writing dependency_links to ../../build/parameters_package/parameters_package.egg-info/dependency_links.txt
[0.679s] writing entry points to ../../build/parameters_package/parameters_package.egg-info/entry_points.txt
[0.679s] writing requirements to ../../build/parameters_package/parameters_package.egg-info/requires.txt
[0.679s] writing top-level names to ../../build/parameters_package/parameters_package.egg-info/top_level.txt
[0.679s] writing manifest file '../../build/parameters_package/parameters_package.egg-info/SOURCES.txt'
[0.680s] reading manifest file '../../build/parameters_package/parameters_package.egg-info/SOURCES.txt'
[0.680s] adding license file 'LICENSE'
[0.680s] writing manifest file '../../build/parameters_package/parameters_package.egg-info/SOURCES.txt'
[0.680s] running build
[0.681s] running build_py
[0.681s] creating /home/davey/ros2-learning-portfolio/build/parameters_package/build
[0.681s] creating /home/davey/ros2-learning-portfolio/build/parameters_package/build/lib
[0.681s] creating /home/davey/ros2-learning-portfolio/build/parameters_package/build/lib/parameters_package
[0.681s] copying parameters_package/__init__.py -> /home/davey/ros2-learning-portfolio/build/parameters_package/build/lib/parameters_package
[0.681s] copying parameters_package/hello_world.py -> /home/davey/ros2-learning-portfolio/build/parameters_package/build/lib/parameters_package
[0.681s] running install
[0.681s] running install_lib
[0.681s] creating /home/davey/ros2-learning-portfolio/install/parameters_package/lib/python3.10/site-packages/parameters_package
[0.681s] copying /home/davey/ros2-learning-portfolio/build/parameters_package/build/lib/parameters_package/__init__.py -> /home/davey/ros2-learning-portfolio/install/parameters_package/lib/python3.10/site-packages/parameters_package
[0.681s] copying /home/davey/ros2-learning-portfolio/build/parameters_package/build/lib/parameters_package/hello_world.py -> /home/davey/ros2-learning-portfolio/install/parameters_package/lib/python3.10/site-packages/parameters_package
[0.681s] byte-compiling /home/davey/ros2-learning-portfolio/install/parameters_package/lib/python3.10/site-packages/parameters_package/__init__.py to __init__.cpython-310.pyc
[0.682s] byte-compiling /home/davey/ros2-learning-portfolio/install/parameters_package/lib/python3.10/site-packages/parameters_package/hello_world.py to hello_world.cpython-310.pyc
[0.682s] running install_data
[0.682s] creating /home/davey/ros2-learning-portfolio/install/parameters_package/share/ament_index
[0.682s] creating /home/davey/ros2-learning-portfolio/install/parameters_package/share/ament_index/resource_index
[0.682s] creating /home/davey/ros2-learning-portfolio/install/parameters_package/share/ament_index/resource_index/packages
[0.682s] copying resource/parameters_package -> /home/davey/ros2-learning-portfolio/install/parameters_package/share/ament_index/resource_index/packages
[0.682s] copying package.xml -> /home/davey/ros2-learning-portfolio/install/parameters_package/share/parameters_package
[0.682s] running install_egg_info
[0.683s] Copying ../../build/parameters_package/parameters_package.egg-info to /home/davey/ros2-learning-portfolio/install/parameters_package/lib/python3.10/site-packages/parameters_package-0.0.0-py3.10.egg-info
[0.683s] running install_scripts
[0.744s] Installing hello_world script to /home/davey/ros2-learning-portfolio/install/parameters_package/lib/parameters_package
[0.744s] writing list of installed files to '/home/davey/ros2-learning-portfolio/build/parameters_package/install.log'
[0.762s] Invoked command in '/home/davey/ros2-learning-portfolio/src/parameters_package' returned '0': PYTHONPATH=/home/davey/ros2-learning-portfolio/build/parameters_package/prefix_override:/usr/lib/python3/dist-packages/colcon_core/task/python/colcon_distutils_commands:/home/davey/ros2-learning-portfolio/install/parameters_package/lib/python3.10/site-packages:${PYTHONPATH} /usr/bin/python3 -W ignore:setup.py install is deprecated setup.py egg_info --egg-base ../../build/parameters_package build --build-base /home/davey/ros2-learning-portfolio/build/parameters_package/build install --record /home/davey/ros2-learning-portfolio/build/parameters_package/install.log --single-version-externally-managed install_data
