[0.351s] Invoking command in '/home/davey/ros2-learning-portfolio/src/parameters_package': PYTHONPATH=/home/davey/ros2-learning-portfolio/build/parameters_package/prefix_override:/usr/lib/python3/dist-packages/colcon_core/task/python/colcon_distutils_commands:/home/davey/ros2-learning-portfolio/install/parameters_package/lib/python3.10/site-packages:${PYTHONPATH} /usr/bin/python3 -W ignore:setup.py install is deprecated setup.py egg_info --egg-base ../../build/parameters_package build --build-base /home/davey/ros2-learning-portfolio/build/parameters_package/build install --record /home/davey/ros2-learning-portfolio/build/parameters_package/install.log --single-version-externally-managed install_data
[0.477s] running egg_info
[0.477s] creating ../../build/parameters_package/parameters_package.egg-info
[0.477s] writing ../../build/parameters_package/parameters_package.egg-info/PKG-INFO
[0.477s] writing dependency_links to ../../build/parameters_package/parameters_package.egg-info/dependency_links.txt
[0.477s] writing entry points to ../../build/parameters_package/parameters_package.egg-info/entry_points.txt
[0.478s] writing requirements to ../../build/parameters_package/parameters_package.egg-info/requires.txt
[0.478s] writing top-level names to ../../build/parameters_package/parameters_package.egg-info/top_level.txt
[0.478s] writing manifest file '../../build/parameters_package/parameters_package.egg-info/SOURCES.txt'
[0.479s] reading manifest file '../../build/parameters_package/parameters_package.egg-info/SOURCES.txt'
[0.479s] adding license file 'LICENSE'
[0.479s] writing manifest file '../../build/parameters_package/parameters_package.egg-info/SOURCES.txt'
[0.479s] running build
[0.479s] running build_py
[0.479s] creating /home/davey/ros2-learning-portfolio/build/parameters_package/build
[0.479s] creating /home/davey/ros2-learning-portfolio/build/parameters_package/build/lib
[0.479s] creating /home/davey/ros2-learning-portfolio/build/parameters_package/build/lib/parameters_package
[0.479s] copying parameters_package/__init__.py -> /home/davey/ros2-learning-portfolio/build/parameters_package/build/lib/parameters_package
[0.479s] copying parameters_package/hello_world.py -> /home/davey/ros2-learning-portfolio/build/parameters_package/build/lib/parameters_package
[0.479s] copying parameters_package/square_client.py -> /home/davey/ros2-learning-portfolio/build/parameters_package/build/lib/parameters_package
[0.479s] copying parameters_package/square_service.py -> /home/davey/ros2-learning-portfolio/build/parameters_package/build/lib/parameters_package
[0.479s] running install
[0.480s] running install_lib
[0.480s] creating /home/davey/ros2-learning-portfolio/install/parameters_package/lib/python3.10/site-packages/parameters_package
[0.480s] copying /home/davey/ros2-learning-portfolio/build/parameters_package/build/lib/parameters_package/__init__.py -> /home/davey/ros2-learning-portfolio/install/parameters_package/lib/python3.10/site-packages/parameters_package
[0.480s] copying /home/davey/ros2-learning-portfolio/build/parameters_package/build/lib/parameters_package/hello_world.py -> /home/davey/ros2-learning-portfolio/install/parameters_package/lib/python3.10/site-packages/parameters_package
[0.480s] copying /home/davey/ros2-learning-portfolio/build/parameters_package/build/lib/parameters_package/square_client.py -> /home/davey/ros2-learning-portfolio/install/parameters_package/lib/python3.10/site-packages/parameters_package
[0.480s] copying /home/davey/ros2-learning-portfolio/build/parameters_package/build/lib/parameters_package/square_service.py -> /home/davey/ros2-learning-portfolio/install/parameters_package/lib/python3.10/site-packages/parameters_package
[0.480s] byte-compiling /home/davey/ros2-learning-portfolio/install/parameters_package/lib/python3.10/site-packages/parameters_package/__init__.py to __init__.cpython-310.pyc
[0.480s] byte-compiling /home/davey/ros2-learning-portfolio/install/parameters_package/lib/python3.10/site-packages/parameters_package/hello_world.py to hello_world.cpython-310.pyc
[0.481s] byte-compiling /home/davey/ros2-learning-portfolio/install/parameters_package/lib/python3.10/site-packages/parameters_package/square_client.py to square_client.cpython-310.pyc
[0.481s] byte-compiling /home/davey/ros2-learning-portfolio/install/parameters_package/lib/python3.10/site-packages/parameters_package/square_service.py to square_service.cpython-310.pyc
[0.481s] running install_data
[0.481s] creating /home/davey/ros2-learning-portfolio/install/parameters_package/share/ament_index
[0.481s] creating /home/davey/ros2-learning-portfolio/install/parameters_package/share/ament_index/resource_index
[0.481s] creating /home/davey/ros2-learning-portfolio/install/parameters_package/share/ament_index/resource_index/packages
[0.481s] copying resource/parameters_package -> /home/davey/ros2-learning-portfolio/install/parameters_package/share/ament_index/resource_index/packages
[0.481s] copying package.xml -> /home/davey/ros2-learning-portfolio/install/parameters_package/share/parameters_package
[0.481s] creating /home/davey/ros2-learning-portfolio/install/parameters_package/share/parameters_package/launch
[0.481s] copying launch/hello_world_launch.py -> /home/davey/ros2-learning-portfolio/install/parameters_package/share/parameters_package/launch
[0.481s] creating /home/davey/ros2-learning-portfolio/install/parameters_package/share/parameters_package/config
[0.482s] copying config/params.yaml -> /home/davey/ros2-learning-portfolio/install/parameters_package/share/parameters_package/config
[0.482s] creating /home/davey/ros2-learning-portfolio/install/parameters_package/share/parameters_package/srv
[0.482s] copying srv/SquareOneInt.srv -> /home/davey/ros2-learning-portfolio/install/parameters_package/share/parameters_package/srv
[0.482s] running install_egg_info
[0.483s] Copying ../../build/parameters_package/parameters_package.egg-info to /home/davey/ros2-learning-portfolio/install/parameters_package/lib/python3.10/site-packages/parameters_package-0.0.0-py3.10.egg-info
[0.483s] running install_scripts
[0.524s] Installing hello_world script to /home/davey/ros2-learning-portfolio/install/parameters_package/lib/parameters_package
[0.524s] Installing square_client script to /home/davey/ros2-learning-portfolio/install/parameters_package/lib/parameters_package
[0.524s] Installing square_service script to /home/davey/ros2-learning-portfolio/install/parameters_package/lib/parameters_package
[0.524s] writing list of installed files to '/home/davey/ros2-learning-portfolio/build/parameters_package/install.log'
[0.542s] Invoked command in '/home/davey/ros2-learning-portfolio/src/parameters_package' returned '0': PYTHONPATH=/home/davey/ros2-learning-portfolio/build/parameters_package/prefix_override:/usr/lib/python3/dist-packages/colcon_core/task/python/colcon_distutils_commands:/home/davey/ros2-learning-portfolio/install/parameters_package/lib/python3.10/site-packages:${PYTHONPATH} /usr/bin/python3 -W ignore:setup.py install is deprecated setup.py egg_info --egg-base ../../build/parameters_package build --build-base /home/davey/ros2-learning-portfolio/build/parameters_package/build install --record /home/davey/ros2-learning-portfolio/build/parameters_package/install.log --single-version-externally-managed install_data
