running egg_info
writing ../../build/basic_package/basic_package.egg-info/PKG-INFO
writing dependency_links to ../../build/basic_package/basic_package.egg-info/dependency_links.txt
writing entry points to ../../build/basic_package/basic_package.egg-info/entry_points.txt
writing requirements to ../../build/basic_package/basic_package.egg-info/requires.txt
writing top-level names to ../../build/basic_package/basic_package.egg-info/top_level.txt
reading manifest file '../../build/basic_package/basic_package.egg-info/SOURCES.txt'
adding license file 'LICENSE'
writing manifest file '../../build/basic_package/basic_package.egg-info/SOURCES.txt'
running build
running build_py
copying basic_package/basic_subscriber.py -> /home/davey/ros2-learning-portfolio/build/basic_package/build/lib/basic_package
running install
running install_lib
copying /home/davey/ros2-learning-portfolio/build/basic_package/build/lib/basic_package/basic_subscriber.py -> /home/davey/ros2-learning-portfolio/install/basic_package/lib/python3.10/site-packages/basic_package
byte-compiling /home/davey/ros2-learning-portfolio/install/basic_package/lib/python3.10/site-packages/basic_package/basic_subscriber.py to basic_subscriber.cpython-310.pyc
running install_data
running install_egg_info
removing '/home/davey/ros2-learning-portfolio/install/basic_package/lib/python3.10/site-packages/basic_package-0.0.0-py3.10.egg-info' (and everything under it)
Copying ../../build/basic_package/basic_package.egg-info to /home/davey/ros2-learning-portfolio/install/basic_package/lib/python3.10/site-packages/basic_package-0.0.0-py3.10.egg-info
running install_scripts
Installing basic_publisher script to /home/davey/ros2-learning-portfolio/install/basic_package/lib/basic_package
writing list of installed files to '/home/davey/ros2-learning-portfolio/build/basic_package/install.log'
