[1.029s] Invoking command in '/home/davey/ros2-learning-portfolio/src/robot_package': PYTHONPATH=/home/davey/ros2-learning-portfolio/build/robot_package/prefix_override:/usr/lib/python3/dist-packages/colcon_core/task/python/colcon_distutils_commands:/home/davey/ros2-learning-portfolio/install/robot_package/lib/python3.10/site-packages:${PYTHONPATH} /usr/bin/python3 -W ignore:setup.py install is deprecated setup.py egg_info --egg-base ../../build/robot_package build --build-base /home/davey/ros2-learning-portfolio/build/robot_package/build install --record /home/davey/ros2-learning-portfolio/build/robot_package/install.log --single-version-externally-managed install_data
[1.343s] running egg_info
[1.344s] writing ../../build/robot_package/robot_package.egg-info/PKG-INFO
[1.344s] writing dependency_links to ../../build/robot_package/robot_package.egg-info/dependency_links.txt
[1.344s] writing entry points to ../../build/robot_package/robot_package.egg-info/entry_points.txt
[1.344s] writing requirements to ../../build/robot_package/robot_package.egg-info/requires.txt
[1.344s] writing top-level names to ../../build/robot_package/robot_package.egg-info/top_level.txt
[1.346s] reading manifest file '../../build/robot_package/robot_package.egg-info/SOURCES.txt'
[1.347s] adding license file 'LICENSE'
[1.347s] writing manifest file '../../build/robot_package/robot_package.egg-info/SOURCES.txt'
[1.347s] running build
[1.347s] running build_py
[1.347s] running install
[1.348s] running install_lib
[1.349s] running install_data
[1.350s] copying launch/urdf.launch.py -> /home/davey/ros2-learning-portfolio/install/robot_package/share/robot_package/launch
[1.350s] running install_egg_info
[1.351s] removing '/home/davey/ros2-learning-portfolio/install/robot_package/lib/python3.10/site-packages/robot_package-0.0.0-py3.10.egg-info' (and everything under it)
[1.351s] Copying ../../build/robot_package/robot_package.egg-info to /home/davey/ros2-learning-portfolio/install/robot_package/lib/python3.10/site-packages/robot_package-0.0.0-py3.10.egg-info
[1.352s] running install_scripts
[1.411s] Installing hello_world script to /home/davey/ros2-learning-portfolio/install/robot_package/lib/robot_package
[1.411s] writing list of installed files to '/home/davey/ros2-learning-portfolio/build/robot_package/install.log'
[1.433s] Invoked command in '/home/davey/ros2-learning-portfolio/src/robot_package' returned '0': PYTHONPATH=/home/davey/ros2-learning-portfolio/build/robot_package/prefix_override:/usr/lib/python3/dist-packages/colcon_core/task/python/colcon_distutils_commands:/home/davey/ros2-learning-portfolio/install/robot_package/lib/python3.10/site-packages:${PYTHONPATH} /usr/bin/python3 -W ignore:setup.py install is deprecated setup.py egg_info --egg-base ../../build/robot_package build --build-base /home/davey/ros2-learning-portfolio/build/robot_package/build install --record /home/davey/ros2-learning-portfolio/build/robot_package/install.log --single-version-externally-managed install_data
