[0.750s] Invoking command in '/home/davey/ros2-learning-portfolio/src/robot_package': PYTHONPATH=/home/davey/ros2-learning-portfolio/build/robot_package/prefix_override:/usr/lib/python3/dist-packages/colcon_core/task/python/colcon_distutils_commands:/home/davey/ros2-learning-portfolio/install/robot_package/lib/python3.10/site-packages:${PYTHONPATH} /usr/bin/python3 -W ignore:setup.py install is deprecated setup.py egg_info --egg-base ../../build/robot_package build --build-base /home/davey/ros2-learning-portfolio/build/robot_package/build install --record /home/davey/ros2-learning-portfolio/build/robot_package/install.log --single-version-externally-managed install_data
[0.888s] running egg_info
[0.888s] writing ../../build/robot_package/robot_package.egg-info/PKG-INFO
[0.889s] writing dependency_links to ../../build/robot_package/robot_package.egg-info/dependency_links.txt
[0.889s] writing entry points to ../../build/robot_package/robot_package.egg-info/entry_points.txt
[0.889s] writing requirements to ../../build/robot_package/robot_package.egg-info/requires.txt
[0.889s] writing top-level names to ../../build/robot_package/robot_package.egg-info/top_level.txt
[0.890s] reading manifest file '../../build/robot_package/robot_package.egg-info/SOURCES.txt'
[0.890s] adding license file 'LICENSE'
[0.890s] writing manifest file '../../build/robot_package/robot_package.egg-info/SOURCES.txt'
[0.890s] running build
[0.891s] running build_py
[0.891s] running install
[0.891s] running install_lib
[0.892s] running install_data
[0.892s] copying launch/launch_sim.launch.py -> /home/davey/ros2-learning-portfolio/install/robot_package/share/robot_package/launch
[0.892s] copying launch/temp.py -> /home/davey/ros2-learning-portfolio/install/robot_package/share/robot_package/launch
[0.892s] running install_egg_info
[0.893s] removing '/home/davey/ros2-learning-portfolio/install/robot_package/lib/python3.10/site-packages/robot_package-0.0.0-py3.10.egg-info' (and everything under it)
[0.893s] Copying ../../build/robot_package/robot_package.egg-info to /home/davey/ros2-learning-portfolio/install/robot_package/lib/python3.10/site-packages/robot_package-0.0.0-py3.10.egg-info
[0.893s] running install_scripts
[0.943s] Installing hello_world script to /home/davey/ros2-learning-portfolio/install/robot_package/lib/robot_package
[0.944s] writing list of installed files to '/home/davey/ros2-learning-portfolio/build/robot_package/install.log'
[0.962s] Invoked command in '/home/davey/ros2-learning-portfolio/src/robot_package' returned '0': PYTHONPATH=/home/davey/ros2-learning-portfolio/build/robot_package/prefix_override:/usr/lib/python3/dist-packages/colcon_core/task/python/colcon_distutils_commands:/home/davey/ros2-learning-portfolio/install/robot_package/lib/python3.10/site-packages:${PYTHONPATH} /usr/bin/python3 -W ignore:setup.py install is deprecated setup.py egg_info --egg-base ../../build/robot_package build --build-base /home/davey/ros2-learning-portfolio/build/robot_package/build install --record /home/davey/ros2-learning-portfolio/build/robot_package/install.log --single-version-externally-managed install_data
