[0.536s] Invoking command in '/home/davey/ros2-learning-portfolio/src/basic_package': PYTHONPATH=/home/davey/ros2-learning-portfolio/build/basic_package/prefix_override:/usr/lib/python3/dist-packages/colcon_core/task/python/colcon_distutils_commands:/home/davey/ros2-learning-portfolio/install/basic_package/lib/python3.10/site-packages:${PYTHONPATH} /usr/bin/python3 -W ignore:setup.py install is deprecated setup.py egg_info --egg-base ../../build/basic_package build --build-base /home/davey/ros2-learning-portfolio/build/basic_package/build install --record /home/davey/ros2-learning-portfolio/build/basic_package/install.log --single-version-externally-managed install_data
[0.667s] running egg_info
[0.667s] creating ../../build/basic_package/basic_package.egg-info
[0.667s] writing ../../build/basic_package/basic_package.egg-info/PKG-INFO
[0.667s] writing dependency_links to ../../build/basic_package/basic_package.egg-info/dependency_links.txt
[0.667s] writing entry points to ../../build/basic_package/basic_package.egg-info/entry_points.txt
[0.668s] writing requirements to ../../build/basic_package/basic_package.egg-info/requires.txt
[0.668s] writing top-level names to ../../build/basic_package/basic_package.egg-info/top_level.txt
[0.668s] writing manifest file '../../build/basic_package/basic_package.egg-info/SOURCES.txt'
[0.668s] reading manifest file '../../build/basic_package/basic_package.egg-info/SOURCES.txt'
[0.668s] adding license file 'LICENSE'
[0.669s] writing manifest file '../../build/basic_package/basic_package.egg-info/SOURCES.txt'
[0.669s] running build
[0.669s] running build_py
[0.669s] creating /home/davey/ros2-learning-portfolio/build/basic_package/build
[0.669s] creating /home/davey/ros2-learning-portfolio/build/basic_package/build/lib
[0.669s] creating /home/davey/ros2-learning-portfolio/build/basic_package/build/lib/basic_package
[0.669s] copying basic_package/basic_publisher.py -> /home/davey/ros2-learning-portfolio/build/basic_package/build/lib/basic_package
[0.669s] copying basic_package/basic_subscriber.py -> /home/davey/ros2-learning-portfolio/build/basic_package/build/lib/basic_package
[0.669s] copying basic_package/__init__.py -> /home/davey/ros2-learning-portfolio/build/basic_package/build/lib/basic_package
[0.669s] copying basic_package/fibonacci_action_server.py -> /home/davey/ros2-learning-portfolio/build/basic_package/build/lib/basic_package
[0.669s] copying basic_package/fibonacci_action_client.py -> /home/davey/ros2-learning-portfolio/build/basic_package/build/lib/basic_package
[0.669s] copying basic_package/basic_service.py -> /home/davey/ros2-learning-portfolio/build/basic_package/build/lib/basic_package
[0.669s] copying basic_package/basic_client.py -> /home/davey/ros2-learning-portfolio/build/basic_package/build/lib/basic_package
[0.670s] running install
[0.670s] running install_lib
[0.670s] creating /home/davey/ros2-learning-portfolio/install/basic_package/lib/python3.10/site-packages/basic_package
[0.670s] copying /home/davey/ros2-learning-portfolio/build/basic_package/build/lib/basic_package/basic_publisher.py -> /home/davey/ros2-learning-portfolio/install/basic_package/lib/python3.10/site-packages/basic_package
[0.670s] copying /home/davey/ros2-learning-portfolio/build/basic_package/build/lib/basic_package/basic_subscriber.py -> /home/davey/ros2-learning-portfolio/install/basic_package/lib/python3.10/site-packages/basic_package
[0.670s] copying /home/davey/ros2-learning-portfolio/build/basic_package/build/lib/basic_package/__init__.py -> /home/davey/ros2-learning-portfolio/install/basic_package/lib/python3.10/site-packages/basic_package
[0.670s] copying /home/davey/ros2-learning-portfolio/build/basic_package/build/lib/basic_package/fibonacci_action_server.py -> /home/davey/ros2-learning-portfolio/install/basic_package/lib/python3.10/site-packages/basic_package
[0.670s] copying /home/davey/ros2-learning-portfolio/build/basic_package/build/lib/basic_package/fibonacci_action_client.py -> /home/davey/ros2-learning-portfolio/install/basic_package/lib/python3.10/site-packages/basic_package
[0.670s] copying /home/davey/ros2-learning-portfolio/build/basic_package/build/lib/basic_package/basic_service.py -> /home/davey/ros2-learning-portfolio/install/basic_package/lib/python3.10/site-packages/basic_package
[0.670s] copying /home/davey/ros2-learning-portfolio/build/basic_package/build/lib/basic_package/basic_client.py -> /home/davey/ros2-learning-portfolio/install/basic_package/lib/python3.10/site-packages/basic_package
[0.670s] byte-compiling /home/davey/ros2-learning-portfolio/install/basic_package/lib/python3.10/site-packages/basic_package/basic_publisher.py to basic_publisher.cpython-310.pyc
[0.671s] byte-compiling /home/davey/ros2-learning-portfolio/install/basic_package/lib/python3.10/site-packages/basic_package/basic_subscriber.py to basic_subscriber.cpython-310.pyc
[0.671s] byte-compiling /home/davey/ros2-learning-portfolio/install/basic_package/lib/python3.10/site-packages/basic_package/__init__.py to __init__.cpython-310.pyc
[0.671s] byte-compiling /home/davey/ros2-learning-portfolio/install/basic_package/lib/python3.10/site-packages/basic_package/fibonacci_action_server.py to fibonacci_action_server.cpython-310.pyc
[0.671s] byte-compiling /home/davey/ros2-learning-portfolio/install/basic_package/lib/python3.10/site-packages/basic_package/fibonacci_action_client.py to fibonacci_action_client.cpython-310.pyc
[0.671s] byte-compiling /home/davey/ros2-learning-portfolio/install/basic_package/lib/python3.10/site-packages/basic_package/basic_service.py to basic_service.cpython-310.pyc
[0.671s] byte-compiling /home/davey/ros2-learning-portfolio/install/basic_package/lib/python3.10/site-packages/basic_package/basic_client.py to basic_client.cpython-310.pyc
[0.672s] running install_data
[0.672s] creating /home/davey/ros2-learning-portfolio/install/basic_package/share/ament_index
[0.672s] creating /home/davey/ros2-learning-portfolio/install/basic_package/share/ament_index/resource_index
[0.672s] creating /home/davey/ros2-learning-portfolio/install/basic_package/share/ament_index/resource_index/packages
[0.672s] copying resource/basic_package -> /home/davey/ros2-learning-portfolio/install/basic_package/share/ament_index/resource_index/packages
[0.672s] copying package.xml -> /home/davey/ros2-learning-portfolio/install/basic_package/share/basic_package
[0.672s] running install_egg_info
[0.673s] Copying ../../build/basic_package/basic_package.egg-info to /home/davey/ros2-learning-portfolio/install/basic_package/lib/python3.10/site-packages/basic_package-0.0.0-py3.10.egg-info
[0.673s] running install_scripts
[0.725s] Installing basic_client script to /home/davey/ros2-learning-portfolio/install/basic_package/lib/basic_package
[0.725s] Installing basic_publisher script to /home/davey/ros2-learning-portfolio/install/basic_package/lib/basic_package
[0.726s] Installing basic_service script to /home/davey/ros2-learning-portfolio/install/basic_package/lib/basic_package
[0.726s] Installing basic_subscriber script to /home/davey/ros2-learning-portfolio/install/basic_package/lib/basic_package
[0.726s] Installing fibonacci_action_client script to /home/davey/ros2-learning-portfolio/install/basic_package/lib/basic_package
[0.726s] Installing fibonacci_action_server script to /home/davey/ros2-learning-portfolio/install/basic_package/lib/basic_package
[0.726s] writing list of installed files to '/home/davey/ros2-learning-portfolio/build/basic_package/install.log'
[0.745s] Invoked command in '/home/davey/ros2-learning-portfolio/src/basic_package' returned '0': PYTHONPATH=/home/davey/ros2-learning-portfolio/build/basic_package/prefix_override:/usr/lib/python3/dist-packages/colcon_core/task/python/colcon_distutils_commands:/home/davey/ros2-learning-portfolio/install/basic_package/lib/python3.10/site-packages:${PYTHONPATH} /usr/bin/python3 -W ignore:setup.py install is deprecated setup.py egg_info --egg-base ../../build/basic_package build --build-base /home/davey/ros2-learning-portfolio/build/basic_package/build install --record /home/davey/ros2-learning-portfolio/build/basic_package/install.log --single-version-externally-managed install_data
