[0.956s] Invoking command in '/home/davey/ros2-learning-portfolio/src/robot_package': PYTHONPATH=/home/davey/ros2-learning-portfolio/build/robot_package/prefix_override:/usr/lib/python3/dist-packages/colcon_core/task/python/colcon_distutils_commands:/home/davey/ros2-learning-portfolio/install/robot_package/lib/python3.10/site-packages:${PYTHONPATH} /usr/bin/python3 -W ignore:setup.py install is deprecated setup.py egg_info --egg-base ../../build/robot_package build --build-base /home/davey/ros2-learning-portfolio/build/robot_package/build install --record /home/davey/ros2-learning-portfolio/build/robot_package/install.log --single-version-externally-managed install_data
[1.122s] running egg_info
[1.123s] creating ../../build/robot_package/robot_package.egg-info
[1.123s] writing ../../build/robot_package/robot_package.egg-info/PKG-INFO
[1.123s] writing dependency_links to ../../build/robot_package/robot_package.egg-info/dependency_links.txt
[1.123s] writing entry points to ../../build/robot_package/robot_package.egg-info/entry_points.txt
[1.123s] writing requirements to ../../build/robot_package/robot_package.egg-info/requires.txt
[1.123s] writing top-level names to ../../build/robot_package/robot_package.egg-info/top_level.txt
[1.124s] writing manifest file '../../build/robot_package/robot_package.egg-info/SOURCES.txt'
[1.128s] reading manifest file '../../build/robot_package/robot_package.egg-info/SOURCES.txt'
[1.128s] adding license file 'LICENSE'
[1.128s] writing manifest file '../../build/robot_package/robot_package.egg-info/SOURCES.txt'
[1.128s] running build
[1.128s] running build_py
[1.128s] creating /home/davey/ros2-learning-portfolio/build/robot_package/build
[1.128s] creating /home/davey/ros2-learning-portfolio/build/robot_package/build/lib
[1.128s] creating /home/davey/ros2-learning-portfolio/build/robot_package/build/lib/robot_package
[1.128s] copying robot_package/__init__.py -> /home/davey/ros2-learning-portfolio/build/robot_package/build/lib/robot_package
[1.128s] copying robot_package/hello_world.py -> /home/davey/ros2-learning-portfolio/build/robot_package/build/lib/robot_package
[1.129s] running install
[1.129s] running install_lib
[1.129s] creating /home/davey/ros2-learning-portfolio/install/robot_package/lib/python3.10/site-packages/robot_package
[1.129s] copying /home/davey/ros2-learning-portfolio/build/robot_package/build/lib/robot_package/__init__.py -> /home/davey/ros2-learning-portfolio/install/robot_package/lib/python3.10/site-packages/robot_package
[1.129s] copying /home/davey/ros2-learning-portfolio/build/robot_package/build/lib/robot_package/hello_world.py -> /home/davey/ros2-learning-portfolio/install/robot_package/lib/python3.10/site-packages/robot_package
[1.129s] byte-compiling /home/davey/ros2-learning-portfolio/install/robot_package/lib/python3.10/site-packages/robot_package/__init__.py to __init__.cpython-310.pyc
[1.130s] byte-compiling /home/davey/ros2-learning-portfolio/install/robot_package/lib/python3.10/site-packages/robot_package/hello_world.py to hello_world.cpython-310.pyc
[1.130s] running install_data
[1.130s] creating /home/davey/ros2-learning-portfolio/install/robot_package/share/ament_index
[1.130s] creating /home/davey/ros2-learning-portfolio/install/robot_package/share/ament_index/resource_index
[1.130s] creating /home/davey/ros2-learning-portfolio/install/robot_package/share/ament_index/resource_index/packages
[1.130s] copying resource/robot_package -> /home/davey/ros2-learning-portfolio/install/robot_package/share/ament_index/resource_index/packages
[1.130s] copying package.xml -> /home/davey/ros2-learning-portfolio/install/robot_package/share/robot_package
[1.130s] running install_egg_info
[1.131s] Copying ../../build/robot_package/robot_package.egg-info to /home/davey/ros2-learning-portfolio/install/robot_package/lib/python3.10/site-packages/robot_package-0.0.0-py3.10.egg-info
[1.132s] running install_scripts
[1.189s] Installing hello_world script to /home/davey/ros2-learning-portfolio/install/robot_package/lib/robot_package
[1.189s] writing list of installed files to '/home/davey/ros2-learning-portfolio/build/robot_package/install.log'
[1.216s] Invoked command in '/home/davey/ros2-learning-portfolio/src/robot_package' returned '0': PYTHONPATH=/home/davey/ros2-learning-portfolio/build/robot_package/prefix_override:/usr/lib/python3/dist-packages/colcon_core/task/python/colcon_distutils_commands:/home/davey/ros2-learning-portfolio/install/robot_package/lib/python3.10/site-packages:${PYTHONPATH} /usr/bin/python3 -W ignore:setup.py install is deprecated setup.py egg_info --egg-base ../../build/robot_package build --build-base /home/davey/ros2-learning-portfolio/build/robot_package/build install --record /home/davey/ros2-learning-portfolio/build/robot_package/install.log --single-version-externally-managed install_data
