[0.869s] Invoking command in '/home/davey/ros2-learning-portfolio/src/robot_package': PYTHONPATH=/home/davey/ros2-learning-portfolio/build/robot_package/prefix_override:/usr/lib/python3/dist-packages/colcon_core/task/python/colcon_distutils_commands:/home/davey/ros2-learning-portfolio/install/robot_package/lib/python3.10/site-packages:${PYTHONPATH} /usr/bin/python3 -W ignore:setup.py install is deprecated setup.py egg_info --egg-base ../../build/robot_package build --build-base /home/davey/ros2-learning-portfolio/build/robot_package/build install --record /home/davey/ros2-learning-portfolio/build/robot_package/install.log --single-version-externally-managed install_data
[1.121s] running egg_info
[1.122s] writing ../../build/robot_package/robot_package.egg-info/PKG-INFO
[1.123s] writing dependency_links to ../../build/robot_package/robot_package.egg-info/dependency_links.txt
[1.123s] writing entry points to ../../build/robot_package/robot_package.egg-info/entry_points.txt
[1.123s] writing requirements to ../../build/robot_package/robot_package.egg-info/requires.txt
[1.123s] writing top-level names to ../../build/robot_package/robot_package.egg-info/top_level.txt
[1.124s] reading manifest file '../../build/robot_package/robot_package.egg-info/SOURCES.txt'
[1.124s] adding license file 'LICENSE'
[1.125s] writing manifest file '../../build/robot_package/robot_package.egg-info/SOURCES.txt'
[1.125s] running build
[1.125s] running build_py
[1.125s] running install
[1.125s] running install_lib
[1.126s] running install_data
[1.126s] running install_egg_info
[1.128s] removing '/home/davey/ros2-learning-portfolio/install/robot_package/lib/python3.10/site-packages/robot_package-0.0.0-py3.10.egg-info' (and everything under it)
[1.128s] Copying ../../build/robot_package/robot_package.egg-info to /home/davey/ros2-learning-portfolio/install/robot_package/lib/python3.10/site-packages/robot_package-0.0.0-py3.10.egg-info
[1.131s] running install_scripts
[1.176s] Installing hello_world script to /home/davey/ros2-learning-portfolio/install/robot_package/lib/robot_package
[1.176s] writing list of installed files to '/home/davey/ros2-learning-portfolio/build/robot_package/install.log'
[1.191s] Invoked command in '/home/davey/ros2-learning-portfolio/src/robot_package' returned '0': PYTHONPATH=/home/davey/ros2-learning-portfolio/build/robot_package/prefix_override:/usr/lib/python3/dist-packages/colcon_core/task/python/colcon_distutils_commands:/home/davey/ros2-learning-portfolio/install/robot_package/lib/python3.10/site-packages:${PYTHONPATH} /usr/bin/python3 -W ignore:setup.py install is deprecated setup.py egg_info --egg-base ../../build/robot_package build --build-base /home/davey/ros2-learning-portfolio/build/robot_package/build install --record /home/davey/ros2-learning-portfolio/build/robot_package/install.log --single-version-externally-managed install_data
