/home/davey/ros2-learning-portfolio/install/basic_package/lib/python3.10/site-packages/basic_package/basic_publisher.py
/home/davey/ros2-learning-portfolio/install/basic_package/lib/python3.10/site-packages/basic_package/basic_subscriber.py
/home/davey/ros2-learning-portfolio/install/basic_package/lib/python3.10/site-packages/basic_package/__init__.py
/home/davey/ros2-learning-portfolio/install/basic_package/lib/python3.10/site-packages/basic_package/fibonacci_action_server.py
/home/davey/ros2-learning-portfolio/install/basic_package/lib/python3.10/site-packages/basic_package/fibonacci_action_client.py
/home/davey/ros2-learning-portfolio/install/basic_package/lib/python3.10/site-packages/basic_package/basic_service.py
/home/davey/ros2-learning-portfolio/install/basic_package/lib/python3.10/site-packages/basic_package/basic_client.py
/home/davey/ros2-learning-portfolio/install/basic_package/lib/python3.10/site-packages/basic_package/__pycache__/basic_publisher.cpython-310.pyc
/home/davey/ros2-learning-portfolio/install/basic_package/lib/python3.10/site-packages/basic_package/__pycache__/basic_subscriber.cpython-310.pyc
/home/davey/ros2-learning-portfolio/install/basic_package/lib/python3.10/site-packages/basic_package/__pycache__/__init__.cpython-310.pyc
/home/davey/ros2-learning-portfolio/install/basic_package/lib/python3.10/site-packages/basic_package/__pycache__/fibonacci_action_server.cpython-310.pyc
/home/davey/ros2-learning-portfolio/install/basic_package/lib/python3.10/site-packages/basic_package/__pycache__/fibonacci_action_client.cpython-310.pyc
/home/davey/ros2-learning-portfolio/install/basic_package/lib/python3.10/site-packages/basic_package/__pycache__/basic_service.cpython-310.pyc
/home/davey/ros2-learning-portfolio/install/basic_package/lib/python3.10/site-packages/basic_package/__pycache__/basic_client.cpython-310.pyc
/home/davey/ros2-learning-portfolio/install/basic_package/share/ament_index/resource_index/packages/basic_package
/home/davey/ros2-learning-portfolio/install/basic_package/share/basic_package/package.xml
/home/davey/ros2-learning-portfolio/install/basic_package/lib/python3.10/site-packages/basic_package-0.0.0-py3.10.egg-info/SOURCES.txt
/home/davey/ros2-learning-portfolio/install/basic_package/lib/python3.10/site-packages/basic_package-0.0.0-py3.10.egg-info/dependency_links.txt
/home/davey/ros2-learning-portfolio/install/basic_package/lib/python3.10/site-packages/basic_package-0.0.0-py3.10.egg-info/zip-safe
/home/davey/ros2-learning-portfolio/install/basic_package/lib/python3.10/site-packages/basic_package-0.0.0-py3.10.egg-info/PKG-INFO
/home/davey/ros2-learning-portfolio/install/basic_package/lib/python3.10/site-packages/basic_package-0.0.0-py3.10.egg-info/requires.txt
/home/davey/ros2-learning-portfolio/install/basic_package/lib/python3.10/site-packages/basic_package-0.0.0-py3.10.egg-info/top_level.txt
/home/davey/ros2-learning-portfolio/install/basic_package/lib/python3.10/site-packages/basic_package-0.0.0-py3.10.egg-info/entry_points.txt
/home/davey/ros2-learning-portfolio/install/basic_package/lib/basic_package/basic_client
/home/davey/ros2-learning-portfolio/install/basic_package/lib/basic_package/basic_publisher
/home/davey/ros2-learning-portfolio/install/basic_package/lib/basic_package/basic_service
/home/davey/ros2-learning-portfolio/install/basic_package/lib/basic_package/basic_subscriber
/home/davey/ros2-learning-portfolio/install/basic_package/lib/basic_package/fibonacci_action_client
/home/davey/ros2-learning-portfolio/install/basic_package/lib/basic_package/fibonacci_action_server
