[0.104s] DEBUG:colcon:Command line arguments: ['/usr/bin/colcon', 'build']
[0.104s] DEBUG:colcon:Parsed command line arguments: Namespace(log_base=None, log_level=None, verb_name='build', build_base='build', install_base='install', merge_install=False, symlink_install=False, test_result_base=None, continue_on_error=False, executor='parallel', parallel_workers=12, event_handlers=None, ignore_user_meta=False, metas=['./colcon.meta'], base_paths=['.'], packages_ignore=None, packages_ignore_regex=None, paths=None, packages_up_to=None, packages_up_to_regex=None, packages_above=None, packages_above_and_dependencies=None, packages_above_depth=None, packages_select_by_dep=None, packages_skip_by_dep=None, packages_skip_up_to=None, packages_select_build_failed=False, packages_skip_build_finished=False, packages_select_test_failures=False, packages_skip_test_passed=False, packages_select=None, packages_skip=None, packages_select_regex=None, packages_skip_regex=None, packages_start=None, packages_end=None, allow_overriding=[], cmake_args=None, cmake_target=None, cmake_target_skip_unavailable=False, cmake_clean_cache=False, cmake_clean_first=False, cmake_force_configure=False, ament_cmake_args=None, catkin_cmake_args=None, catkin_skip_building_tests=False, verb_parser=<colcon_defaults.argument_parser.defaults.DefaultArgumentsDecorator object at 0x7f70acb4cbe0>, verb_extension=<colcon_core.verb.build.BuildVerb object at 0x7f70acb4c790>, main=<bound method BuildVerb.main of <colcon_core.verb.build.BuildVerb object at 0x7f70acb4c790>>)
[0.217s] Level 1:colcon.colcon_core.package_discovery:discover_packages(colcon_meta) check parameters
[0.217s] Level 1:colcon.colcon_core.package_discovery:discover_packages(recursive) check parameters
[0.217s] Level 1:colcon.colcon_core.package_discovery:discover_packages(ignore) check parameters
[0.217s] Level 1:colcon.colcon_core.package_discovery:discover_packages(path) check parameters
[0.217s] Level 1:colcon.colcon_core.package_discovery:discover_packages(colcon_meta) discover
[0.217s] Level 1:colcon.colcon_core.package_discovery:discover_packages(recursive) discover
[0.217s] INFO:colcon.colcon_core.package_discovery:Crawling recursively for packages in '/home/davey/ros2-learning-portfolio'
[0.217s] Level 1:colcon.colcon_core.package_identification:_identify(.) by extensions ['ignore', 'ignore_ament_install']
[0.217s] Level 1:colcon.colcon_core.package_identification:_identify(.) by extension 'ignore'
[0.217s] Level 1:colcon.colcon_core.package_identification:_identify(.) by extension 'ignore_ament_install'
[0.217s] Level 1:colcon.colcon_core.package_identification:_identify(.) by extensions ['colcon_pkg']
[0.217s] Level 1:colcon.colcon_core.package_identification:_identify(.) by extension 'colcon_pkg'
[0.217s] Level 1:colcon.colcon_core.package_identification:_identify(.) by extensions ['colcon_meta']
[0.217s] Level 1:colcon.colcon_core.package_identification:_identify(.) by extension 'colcon_meta'
[0.217s] Level 1:colcon.colcon_core.package_identification:_identify(.) by extensions ['ros']
[0.217s] Level 1:colcon.colcon_core.package_identification:_identify(.) by extension 'ros'
[0.225s] Level 1:colcon.colcon_core.package_identification:_identify(.) by extensions ['cmake', 'python']
[0.226s] Level 1:colcon.colcon_core.package_identification:_identify(.) by extension 'cmake'
[0.226s] Level 1:colcon.colcon_core.package_identification:_identify(.) by extension 'python'
[0.226s] Level 1:colcon.colcon_core.package_identification:_identify(.) by extensions ['python_setup_py']
[0.226s] Level 1:colcon.colcon_core.package_identification:_identify(.) by extension 'python_setup_py'
[0.226s] Level 1:colcon.colcon_core.package_identification:_identify(build) by extensions ['ignore', 'ignore_ament_install']
[0.226s] Level 1:colcon.colcon_core.package_identification:_identify(build) by extension 'ignore'
[0.226s] Level 1:colcon.colcon_core.package_identification:_identify(build) ignored
[0.226s] Level 1:colcon.colcon_core.package_identification:_identify(install) by extensions ['ignore', 'ignore_ament_install']
[0.226s] Level 1:colcon.colcon_core.package_identification:_identify(install) by extension 'ignore'
[0.226s] Level 1:colcon.colcon_core.package_identification:_identify(install) ignored
[0.226s] Level 1:colcon.colcon_core.package_identification:_identify(log) by extensions ['ignore', 'ignore_ament_install']
[0.226s] Level 1:colcon.colcon_core.package_identification:_identify(log) by extension 'ignore'
[0.226s] Level 1:colcon.colcon_core.package_identification:_identify(log) ignored
[0.226s] Level 1:colcon.colcon_core.package_identification:_identify(src) by extensions ['ignore', 'ignore_ament_install']
[0.226s] Level 1:colcon.colcon_core.package_identification:_identify(src) by extension 'ignore'
[0.226s] Level 1:colcon.colcon_core.package_identification:_identify(src) by extension 'ignore_ament_install'
[0.226s] Level 1:colcon.colcon_core.package_identification:_identify(src) by extensions ['colcon_pkg']
[0.226s] Level 1:colcon.colcon_core.package_identification:_identify(src) by extension 'colcon_pkg'
[0.226s] Level 1:colcon.colcon_core.package_identification:_identify(src) by extensions ['colcon_meta']
[0.226s] Level 1:colcon.colcon_core.package_identification:_identify(src) by extension 'colcon_meta'
[0.226s] Level 1:colcon.colcon_core.package_identification:_identify(src) by extensions ['ros']
[0.226s] Level 1:colcon.colcon_core.package_identification:_identify(src) by extension 'ros'
[0.226s] Level 1:colcon.colcon_core.package_identification:_identify(src) by extensions ['cmake', 'python']
[0.226s] Level 1:colcon.colcon_core.package_identification:_identify(src) by extension 'cmake'
[0.226s] Level 1:colcon.colcon_core.package_identification:_identify(src) by extension 'python'
[0.226s] Level 1:colcon.colcon_core.package_identification:_identify(src) by extensions ['python_setup_py']
[0.226s] Level 1:colcon.colcon_core.package_identification:_identify(src) by extension 'python_setup_py'
[0.226s] Level 1:colcon.colcon_core.package_identification:_identify(src/basic_package) by extensions ['ignore', 'ignore_ament_install']
[0.226s] Level 1:colcon.colcon_core.package_identification:_identify(src/basic_package) by extension 'ignore'
[0.227s] Level 1:colcon.colcon_core.package_identification:_identify(src/basic_package) by extension 'ignore_ament_install'
[0.227s] Level 1:colcon.colcon_core.package_identification:_identify(src/basic_package) by extensions ['colcon_pkg']
[0.227s] Level 1:colcon.colcon_core.package_identification:_identify(src/basic_package) by extension 'colcon_pkg'
[0.227s] Level 1:colcon.colcon_core.package_identification:_identify(src/basic_package) by extensions ['colcon_meta']
[0.227s] Level 1:colcon.colcon_core.package_identification:_identify(src/basic_package) by extension 'colcon_meta'
[0.227s] Level 1:colcon.colcon_core.package_identification:_identify(src/basic_package) by extensions ['ros']
[0.227s] Level 1:colcon.colcon_core.package_identification:_identify(src/basic_package) by extension 'ros'
[0.228s] DEBUG:colcon.colcon_core.package_identification:Package 'src/basic_package' with type 'ros.ament_python' and name 'basic_package'
[0.228s] Level 1:colcon.colcon_core.package_identification:_identify(src/parameters_package) by extensions ['ignore', 'ignore_ament_install']
[0.228s] Level 1:colcon.colcon_core.package_identification:_identify(src/parameters_package) by extension 'ignore'
[0.228s] Level 1:colcon.colcon_core.package_identification:_identify(src/parameters_package) by extension 'ignore_ament_install'
[0.228s] Level 1:colcon.colcon_core.package_identification:_identify(src/parameters_package) by extensions ['colcon_pkg']
[0.228s] Level 1:colcon.colcon_core.package_identification:_identify(src/parameters_package) by extension 'colcon_pkg'
[0.228s] Level 1:colcon.colcon_core.package_identification:_identify(src/parameters_package) by extensions ['colcon_meta']
[0.228s] Level 1:colcon.colcon_core.package_identification:_identify(src/parameters_package) by extension 'colcon_meta'
[0.228s] Level 1:colcon.colcon_core.package_identification:_identify(src/parameters_package) by extensions ['ros']
[0.228s] Level 1:colcon.colcon_core.package_identification:_identify(src/parameters_package) by extension 'ros'
[0.229s] DEBUG:colcon.colcon_core.package_identification:Package 'src/parameters_package' with type 'ros.ament_python' and name 'parameters_package'
[0.229s] Level 1:colcon.colcon_core.package_identification:_identify(src/robot_package) by extensions ['ignore', 'ignore_ament_install']
[0.229s] Level 1:colcon.colcon_core.package_identification:_identify(src/robot_package) by extension 'ignore'
[0.229s] Level 1:colcon.colcon_core.package_identification:_identify(src/robot_package) by extension 'ignore_ament_install'
[0.229s] Level 1:colcon.colcon_core.package_identification:_identify(src/robot_package) by extensions ['colcon_pkg']
[0.229s] Level 1:colcon.colcon_core.package_identification:_identify(src/robot_package) by extension 'colcon_pkg'
[0.229s] Level 1:colcon.colcon_core.package_identification:_identify(src/robot_package) by extensions ['colcon_meta']
[0.229s] Level 1:colcon.colcon_core.package_identification:_identify(src/robot_package) by extension 'colcon_meta'
[0.229s] Level 1:colcon.colcon_core.package_identification:_identify(src/robot_package) by extensions ['ros']
[0.229s] Level 1:colcon.colcon_core.package_identification:_identify(src/robot_package) by extension 'ros'
[0.229s] DEBUG:colcon.colcon_core.package_identification:Package 'src/robot_package' with type 'ros.ament_python' and name 'robot_package'
[0.229s] Level 1:colcon.colcon_core.package_discovery:discover_packages(recursive) using defaults
[0.229s] Level 1:colcon.colcon_core.package_discovery:discover_packages(ignore) discover
[0.229s] Level 1:colcon.colcon_core.package_discovery:discover_packages(ignore) using defaults
[0.229s] Level 1:colcon.colcon_core.package_discovery:discover_packages(path) discover
[0.229s] Level 1:colcon.colcon_core.package_discovery:discover_packages(path) using defaults
[0.243s] Level 1:colcon.colcon_core.package_discovery:discover_packages(prefix_path) check parameters
[0.243s] Level 1:colcon.colcon_core.package_discovery:discover_packages(prefix_path) discover
[0.244s] DEBUG:colcon.colcon_installed_package_information.package_discovery:Found 3 installed packages in /home/davey/ros2-learning-portfolio/install
[0.245s] DEBUG:colcon.colcon_installed_package_information.package_discovery:Found 290 installed packages in /opt/ros/humble
[0.254s] Level 1:colcon.colcon_core.package_discovery:discover_packages(prefix_path) using defaults
[0.276s] Level 5:colcon.colcon_core.verb:set package 'basic_package' build argument 'cmake_args' from command line to 'None'
[0.276s] Level 5:colcon.colcon_core.verb:set package 'basic_package' build argument 'cmake_target' from command line to 'None'
[0.276s] Level 5:colcon.colcon_core.verb:set package 'basic_package' build argument 'cmake_target_skip_unavailable' from command line to 'False'
[0.277s] Level 5:colcon.colcon_core.verb:set package 'basic_package' build argument 'cmake_clean_cache' from command line to 'False'
[0.277s] Level 5:colcon.colcon_core.verb:set package 'basic_package' build argument 'cmake_clean_first' from command line to 'False'
[0.277s] Level 5:colcon.colcon_core.verb:set package 'basic_package' build argument 'cmake_force_configure' from command line to 'False'
[0.277s] Level 5:colcon.colcon_core.verb:set package 'basic_package' build argument 'ament_cmake_args' from command line to 'None'
[0.277s] Level 5:colcon.colcon_core.verb:set package 'basic_package' build argument 'catkin_cmake_args' from command line to 'None'
[0.277s] Level 5:colcon.colcon_core.verb:set package 'basic_package' build argument 'catkin_skip_building_tests' from command line to 'False'
[0.277s] DEBUG:colcon.colcon_core.verb:Building package 'basic_package' with the following arguments: {'ament_cmake_args': None, 'build_base': '/home/davey/ros2-learning-portfolio/build/basic_package', 'catkin_cmake_args': None, 'catkin_skip_building_tests': False, 'cmake_args': None, 'cmake_clean_cache': False, 'cmake_clean_first': False, 'cmake_force_configure': False, 'cmake_target': None, 'cmake_target_skip_unavailable': False, 'install_base': '/home/davey/ros2-learning-portfolio/install/basic_package', 'merge_install': False, 'path': '/home/davey/ros2-learning-portfolio/src/basic_package', 'symlink_install': False, 'test_result_base': None}
[0.277s] Level 5:colcon.colcon_core.verb:set package 'parameters_package' build argument 'cmake_args' from command line to 'None'
[0.277s] Level 5:colcon.colcon_core.verb:set package 'parameters_package' build argument 'cmake_target' from command line to 'None'
[0.277s] Level 5:colcon.colcon_core.verb:set package 'parameters_package' build argument 'cmake_target_skip_unavailable' from command line to 'False'
[0.277s] Level 5:colcon.colcon_core.verb:set package 'parameters_package' build argument 'cmake_clean_cache' from command line to 'False'
[0.277s] Level 5:colcon.colcon_core.verb:set package 'parameters_package' build argument 'cmake_clean_first' from command line to 'False'
[0.277s] Level 5:colcon.colcon_core.verb:set package 'parameters_package' build argument 'cmake_force_configure' from command line to 'False'
[0.277s] Level 5:colcon.colcon_core.verb:set package 'parameters_package' build argument 'ament_cmake_args' from command line to 'None'
[0.278s] Level 5:colcon.colcon_core.verb:set package 'parameters_package' build argument 'catkin_cmake_args' from command line to 'None'
[0.278s] Level 5:colcon.colcon_core.verb:set package 'parameters_package' build argument 'catkin_skip_building_tests' from command line to 'False'
[0.278s] DEBUG:colcon.colcon_core.verb:Building package 'parameters_package' with the following arguments: {'ament_cmake_args': None, 'build_base': '/home/davey/ros2-learning-portfolio/build/parameters_package', 'catkin_cmake_args': None, 'catkin_skip_building_tests': False, 'cmake_args': None, 'cmake_clean_cache': False, 'cmake_clean_first': False, 'cmake_force_configure': False, 'cmake_target': None, 'cmake_target_skip_unavailable': False, 'install_base': '/home/davey/ros2-learning-portfolio/install/parameters_package', 'merge_install': False, 'path': '/home/davey/ros2-learning-portfolio/src/parameters_package', 'symlink_install': False, 'test_result_base': None}
[0.278s] Level 5:colcon.colcon_core.verb:set package 'robot_package' build argument 'cmake_args' from command line to 'None'
[0.278s] Level 5:colcon.colcon_core.verb:set package 'robot_package' build argument 'cmake_target' from command line to 'None'
[0.278s] Level 5:colcon.colcon_core.verb:set package 'robot_package' build argument 'cmake_target_skip_unavailable' from command line to 'False'
[0.278s] Level 5:colcon.colcon_core.verb:set package 'robot_package' build argument 'cmake_clean_cache' from command line to 'False'
[0.278s] Level 5:colcon.colcon_core.verb:set package 'robot_package' build argument 'cmake_clean_first' from command line to 'False'
[0.278s] Level 5:colcon.colcon_core.verb:set package 'robot_package' build argument 'cmake_force_configure' from command line to 'False'
[0.278s] Level 5:colcon.colcon_core.verb:set package 'robot_package' build argument 'ament_cmake_args' from command line to 'None'
[0.278s] Level 5:colcon.colcon_core.verb:set package 'robot_package' build argument 'catkin_cmake_args' from command line to 'None'
[0.278s] Level 5:colcon.colcon_core.verb:set package 'robot_package' build argument 'catkin_skip_building_tests' from command line to 'False'
[0.278s] DEBUG:colcon.colcon_core.verb:Building package 'robot_package' with the following arguments: {'ament_cmake_args': None, 'build_base': '/home/davey/ros2-learning-portfolio/build/robot_package', 'catkin_cmake_args': None, 'catkin_skip_building_tests': False, 'cmake_args': None, 'cmake_clean_cache': False, 'cmake_clean_first': False, 'cmake_force_configure': False, 'cmake_target': None, 'cmake_target_skip_unavailable': False, 'install_base': '/home/davey/ros2-learning-portfolio/install/robot_package', 'merge_install': False, 'path': '/home/davey/ros2-learning-portfolio/src/robot_package', 'symlink_install': False, 'test_result_base': None}
[0.278s] INFO:colcon.colcon_core.executor:Executing jobs using 'parallel' executor
[0.279s] DEBUG:colcon.colcon_parallel_executor.executor.parallel:run_until_complete
[0.279s] INFO:colcon.colcon_ros.task.ament_python.build:Building ROS package in '/home/davey/ros2-learning-portfolio/src/basic_package' with build type 'ament_python'
[0.280s] Level 1:colcon.colcon_core.shell:create_environment_hook('basic_package', 'ament_prefix_path')
[0.281s] INFO:colcon.colcon_core.plugin_system:Skipping extension 'colcon_core.shell.bat': Not used on non-Windows systems
[0.281s] INFO:colcon.colcon_core.shell:Creating environment hook '/home/davey/ros2-learning-portfolio/install/basic_package/share/basic_package/hook/ament_prefix_path.ps1'
[0.282s] INFO:colcon.colcon_core.shell:Creating environment descriptor '/home/davey/ros2-learning-portfolio/install/basic_package/share/basic_package/hook/ament_prefix_path.dsv'
[0.282s] INFO:colcon.colcon_core.shell:Creating environment hook '/home/davey/ros2-learning-portfolio/install/basic_package/share/basic_package/hook/ament_prefix_path.sh'
[0.282s] INFO:colcon.colcon_core.shell:Skip shell extension 'powershell' for command environment: Not usable outside of PowerShell
[0.282s] DEBUG:colcon.colcon_core.shell:Skip shell extension 'dsv' for command environment
[0.286s] INFO:colcon.colcon_ros.task.ament_python.build:Building ROS package in '/home/davey/ros2-learning-portfolio/src/parameters_package' with build type 'ament_python'
[0.286s] Level 1:colcon.colcon_core.shell:create_environment_hook('parameters_package', 'ament_prefix_path')
[0.286s] INFO:colcon.colcon_core.shell:Creating environment hook '/home/davey/ros2-learning-portfolio/install/parameters_package/share/parameters_package/hook/ament_prefix_path.ps1'
[0.287s] INFO:colcon.colcon_core.shell:Creating environment descriptor '/home/davey/ros2-learning-portfolio/install/parameters_package/share/parameters_package/hook/ament_prefix_path.dsv'
[0.287s] INFO:colcon.colcon_core.shell:Creating environment hook '/home/davey/ros2-learning-portfolio/install/parameters_package/share/parameters_package/hook/ament_prefix_path.sh'
[0.288s] INFO:colcon.colcon_core.shell:Skip shell extension 'powershell' for command environment: Not usable outside of PowerShell
[0.289s] DEBUG:colcon.colcon_core.shell:Skip shell extension 'dsv' for command environment
[0.292s] INFO:colcon.colcon_ros.task.ament_python.build:Building ROS package in '/home/davey/ros2-learning-portfolio/src/robot_package' with build type 'ament_python'
[0.293s] Level 1:colcon.colcon_core.shell:create_environment_hook('robot_package', 'ament_prefix_path')
[0.293s] INFO:colcon.colcon_core.shell:Creating environment hook '/home/davey/ros2-learning-portfolio/install/robot_package/share/robot_package/hook/ament_prefix_path.ps1'
[0.294s] INFO:colcon.colcon_core.shell:Creating environment descriptor '/home/davey/ros2-learning-portfolio/install/robot_package/share/robot_package/hook/ament_prefix_path.dsv'
[0.295s] INFO:colcon.colcon_core.shell:Creating environment hook '/home/davey/ros2-learning-portfolio/install/robot_package/share/robot_package/hook/ament_prefix_path.sh'
[0.295s] INFO:colcon.colcon_core.shell:Skip shell extension 'powershell' for command environment: Not usable outside of PowerShell
[0.295s] DEBUG:colcon.colcon_core.shell:Skip shell extension 'dsv' for command environment
[0.485s] INFO:colcon.colcon_core.task.python.build:Building Python package in '/home/davey/ros2-learning-portfolio/src/basic_package'
[0.485s] INFO:colcon.colcon_core.shell:Skip shell extension 'powershell' for command environment: Not usable outside of PowerShell
[0.485s] DEBUG:colcon.colcon_core.shell:Skip shell extension 'dsv' for command environment
[0.663s] INFO:colcon.colcon_core.task.python.build:Building Python package in '/home/davey/ros2-learning-portfolio/src/parameters_package'
[0.664s] INFO:colcon.colcon_core.shell:Skip shell extension 'powershell' for command environment: Not usable outside of PowerShell
[0.664s] DEBUG:colcon.colcon_core.shell:Skip shell extension 'dsv' for command environment
[0.839s] INFO:colcon.colcon_core.task.python.build:Building Python package in '/home/davey/ros2-learning-portfolio/src/robot_package'
[0.840s] INFO:colcon.colcon_core.shell:Skip shell extension 'powershell' for command environment: Not usable outside of PowerShell
[0.840s] DEBUG:colcon.colcon_core.shell:Skip shell extension 'dsv' for command environment
[1.131s] DEBUG:colcon.colcon_core.event_handler.log_command:Invoking command in '/home/davey/ros2-learning-portfolio/src/basic_package': PYTHONPATH=/home/davey/ros2-learning-portfolio/build/basic_package/prefix_override:/usr/lib/python3/dist-packages/colcon_core/task/python/colcon_distutils_commands:/home/davey/ros2-learning-portfolio/install/basic_package/lib/python3.10/site-packages:${PYTHONPATH} /usr/bin/python3 -W ignore:setup.py install is deprecated setup.py egg_info --egg-base ../../build/basic_package build --build-base /home/davey/ros2-learning-portfolio/build/basic_package/build install --record /home/davey/ros2-learning-portfolio/build/basic_package/install.log --single-version-externally-managed install_data
[1.178s] DEBUG:colcon.colcon_core.event_handler.log_command:Invoking command in '/home/davey/ros2-learning-portfolio/src/robot_package': PYTHONPATH=/home/davey/ros2-learning-portfolio/build/robot_package/prefix_override:/usr/lib/python3/dist-packages/colcon_core/task/python/colcon_distutils_commands:/home/davey/ros2-learning-portfolio/install/robot_package/lib/python3.10/site-packages:${PYTHONPATH} /usr/bin/python3 -W ignore:setup.py install is deprecated setup.py egg_info --egg-base ../../build/robot_package build --build-base /home/davey/ros2-learning-portfolio/build/robot_package/build install --record /home/davey/ros2-learning-portfolio/build/robot_package/install.log --single-version-externally-managed install_data
[1.209s] DEBUG:colcon.colcon_core.event_handler.log_command:Invoking command in '/home/davey/ros2-learning-portfolio/src/parameters_package': PYTHONPATH=/home/davey/ros2-learning-portfolio/build/parameters_package/prefix_override:/usr/lib/python3/dist-packages/colcon_core/task/python/colcon_distutils_commands:/home/davey/ros2-learning-portfolio/install/parameters_package/lib/python3.10/site-packages:${PYTHONPATH} /usr/bin/python3 -W ignore:setup.py install is deprecated setup.py egg_info --egg-base ../../build/parameters_package build --build-base /home/davey/ros2-learning-portfolio/build/parameters_package/build install --record /home/davey/ros2-learning-portfolio/build/parameters_package/install.log --single-version-externally-managed install_data
[1.402s] DEBUG:colcon.colcon_core.event_handler.log_command:Invoked command in '/home/davey/ros2-learning-portfolio/src/basic_package' returned '0': PYTHONPATH=/home/davey/ros2-learning-portfolio/build/basic_package/prefix_override:/usr/lib/python3/dist-packages/colcon_core/task/python/colcon_distutils_commands:/home/davey/ros2-learning-portfolio/install/basic_package/lib/python3.10/site-packages:${PYTHONPATH} /usr/bin/python3 -W ignore:setup.py install is deprecated setup.py egg_info --egg-base ../../build/basic_package build --build-base /home/davey/ros2-learning-portfolio/build/basic_package/build install --record /home/davey/ros2-learning-portfolio/build/basic_package/install.log --single-version-externally-managed install_data
[1.405s] Level 1:colcon.colcon_core.environment:checking '/home/davey/ros2-learning-portfolio/install/basic_package' for CMake module files
[1.406s] Level 1:colcon.colcon_core.environment:checking '/home/davey/ros2-learning-portfolio/install/basic_package' for CMake config files
[1.407s] Level 1:colcon.colcon_core.environment:checking '/home/davey/ros2-learning-portfolio/install/basic_package/lib'
[1.407s] Level 1:colcon.colcon_core.environment:checking '/home/davey/ros2-learning-portfolio/install/basic_package/bin'
[1.407s] Level 1:colcon.colcon_core.environment:checking '/home/davey/ros2-learning-portfolio/install/basic_package/lib/pkgconfig/basic_package.pc'
[1.407s] Level 1:colcon.colcon_core.environment:checking '/home/davey/ros2-learning-portfolio/install/basic_package/lib/python3.10/site-packages'
[1.407s] Level 1:colcon.colcon_core.shell:create_environment_hook('basic_package', 'pythonpath')
[1.407s] INFO:colcon.colcon_core.shell:Creating environment hook '/home/davey/ros2-learning-portfolio/install/basic_package/share/basic_package/hook/pythonpath.ps1'
[1.408s] INFO:colcon.colcon_core.shell:Creating environment descriptor '/home/davey/ros2-learning-portfolio/install/basic_package/share/basic_package/hook/pythonpath.dsv'
[1.409s] INFO:colcon.colcon_core.shell:Creating environment hook '/home/davey/ros2-learning-portfolio/install/basic_package/share/basic_package/hook/pythonpath.sh'
[1.409s] Level 1:colcon.colcon_core.environment:checking '/home/davey/ros2-learning-portfolio/install/basic_package/bin'
[1.410s] Level 1:colcon.colcon_core.environment:create_environment_scripts_only(basic_package)
[1.410s] INFO:colcon.colcon_core.shell:Creating package script '/home/davey/ros2-learning-portfolio/install/basic_package/share/basic_package/package.ps1'
[1.411s] INFO:colcon.colcon_core.shell:Creating package descriptor '/home/davey/ros2-learning-portfolio/install/basic_package/share/basic_package/package.dsv'
[1.412s] INFO:colcon.colcon_core.shell:Creating package script '/home/davey/ros2-learning-portfolio/install/basic_package/share/basic_package/package.sh'
[1.412s] INFO:colcon.colcon_core.shell:Creating package script '/home/davey/ros2-learning-portfolio/install/basic_package/share/basic_package/package.bash'
[1.413s] INFO:colcon.colcon_core.shell:Creating package script '/home/davey/ros2-learning-portfolio/install/basic_package/share/basic_package/package.zsh'
[1.414s] Level 1:colcon.colcon_core.environment:create_file_with_runtime_dependencies(/home/davey/ros2-learning-portfolio/install/basic_package/share/colcon-core/packages/basic_package)
[1.448s] Level 1:colcon.colcon_core.environment:checking '/home/davey/ros2-learning-portfolio/install/robot_package' for CMake module files
[1.448s] DEBUG:colcon.colcon_core.event_handler.log_command:Invoked command in '/home/davey/ros2-learning-portfolio/src/robot_package' returned '0': PYTHONPATH=/home/davey/ros2-learning-portfolio/build/robot_package/prefix_override:/usr/lib/python3/dist-packages/colcon_core/task/python/colcon_distutils_commands:/home/davey/ros2-learning-portfolio/install/robot_package/lib/python3.10/site-packages:${PYTHONPATH} /usr/bin/python3 -W ignore:setup.py install is deprecated setup.py egg_info --egg-base ../../build/robot_package build --build-base /home/davey/ros2-learning-portfolio/build/robot_package/build install --record /home/davey/ros2-learning-portfolio/build/robot_package/install.log --single-version-externally-managed install_data
[1.449s] Level 1:colcon.colcon_core.environment:checking '/home/davey/ros2-learning-portfolio/install/robot_package' for CMake config files
[1.449s] Level 1:colcon.colcon_core.environment:checking '/home/davey/ros2-learning-portfolio/install/robot_package/lib'
[1.449s] Level 1:colcon.colcon_core.environment:checking '/home/davey/ros2-learning-portfolio/install/robot_package/bin'
[1.449s] Level 1:colcon.colcon_core.environment:checking '/home/davey/ros2-learning-portfolio/install/robot_package/lib/pkgconfig/robot_package.pc'
[1.449s] Level 1:colcon.colcon_core.environment:checking '/home/davey/ros2-learning-portfolio/install/robot_package/lib/python3.10/site-packages'
[1.449s] Level 1:colcon.colcon_core.shell:create_environment_hook('robot_package', 'pythonpath')
[1.450s] INFO:colcon.colcon_core.shell:Creating environment hook '/home/davey/ros2-learning-portfolio/install/robot_package/share/robot_package/hook/pythonpath.ps1'
[1.450s] INFO:colcon.colcon_core.shell:Creating environment descriptor '/home/davey/ros2-learning-portfolio/install/robot_package/share/robot_package/hook/pythonpath.dsv'
[1.451s] INFO:colcon.colcon_core.shell:Creating environment hook '/home/davey/ros2-learning-portfolio/install/robot_package/share/robot_package/hook/pythonpath.sh'
[1.451s] Level 1:colcon.colcon_core.environment:checking '/home/davey/ros2-learning-portfolio/install/robot_package/bin'
[1.451s] Level 1:colcon.colcon_core.environment:create_environment_scripts_only(robot_package)
[1.451s] INFO:colcon.colcon_core.shell:Creating package script '/home/davey/ros2-learning-portfolio/install/robot_package/share/robot_package/package.ps1'
[1.452s] INFO:colcon.colcon_core.shell:Creating package descriptor '/home/davey/ros2-learning-portfolio/install/robot_package/share/robot_package/package.dsv'
[1.452s] INFO:colcon.colcon_core.shell:Creating package script '/home/davey/ros2-learning-portfolio/install/robot_package/share/robot_package/package.sh'
[1.452s] INFO:colcon.colcon_core.shell:Creating package script '/home/davey/ros2-learning-portfolio/install/robot_package/share/robot_package/package.bash'
[1.452s] INFO:colcon.colcon_core.shell:Creating package script '/home/davey/ros2-learning-portfolio/install/robot_package/share/robot_package/package.zsh'
[1.453s] Level 1:colcon.colcon_core.environment:create_file_with_runtime_dependencies(/home/davey/ros2-learning-portfolio/install/robot_package/share/colcon-core/packages/robot_package)
[1.541s] Level 1:colcon.colcon_core.environment:checking '/home/davey/ros2-learning-portfolio/install/parameters_package' for CMake module files
[1.541s] DEBUG:colcon.colcon_core.event_handler.log_command:Invoked command in '/home/davey/ros2-learning-portfolio/src/parameters_package' returned '0': PYTHONPATH=/home/davey/ros2-learning-portfolio/build/parameters_package/prefix_override:/usr/lib/python3/dist-packages/colcon_core/task/python/colcon_distutils_commands:/home/davey/ros2-learning-portfolio/install/parameters_package/lib/python3.10/site-packages:${PYTHONPATH} /usr/bin/python3 -W ignore:setup.py install is deprecated setup.py egg_info --egg-base ../../build/parameters_package build --build-base /home/davey/ros2-learning-portfolio/build/parameters_package/build install --record /home/davey/ros2-learning-portfolio/build/parameters_package/install.log --single-version-externally-managed install_data
[1.541s] Level 1:colcon.colcon_core.environment:checking '/home/davey/ros2-learning-portfolio/install/parameters_package' for CMake config files
[1.542s] Level 1:colcon.colcon_core.environment:checking '/home/davey/ros2-learning-portfolio/install/parameters_package/lib'
[1.542s] Level 1:colcon.colcon_core.environment:checking '/home/davey/ros2-learning-portfolio/install/parameters_package/bin'
[1.542s] Level 1:colcon.colcon_core.environment:checking '/home/davey/ros2-learning-portfolio/install/parameters_package/lib/pkgconfig/parameters_package.pc'
[1.542s] Level 1:colcon.colcon_core.environment:checking '/home/davey/ros2-learning-portfolio/install/parameters_package/lib/python3.10/site-packages'
[1.542s] Level 1:colcon.colcon_core.shell:create_environment_hook('parameters_package', 'pythonpath')
[1.542s] INFO:colcon.colcon_core.shell:Creating environment hook '/home/davey/ros2-learning-portfolio/install/parameters_package/share/parameters_package/hook/pythonpath.ps1'
[1.542s] INFO:colcon.colcon_core.shell:Creating environment descriptor '/home/davey/ros2-learning-portfolio/install/parameters_package/share/parameters_package/hook/pythonpath.dsv'
[1.543s] INFO:colcon.colcon_core.shell:Creating environment hook '/home/davey/ros2-learning-portfolio/install/parameters_package/share/parameters_package/hook/pythonpath.sh'
[1.543s] Level 1:colcon.colcon_core.environment:checking '/home/davey/ros2-learning-portfolio/install/parameters_package/bin'
[1.543s] Level 1:colcon.colcon_core.environment:create_environment_scripts_only(parameters_package)
[1.543s] INFO:colcon.colcon_core.shell:Creating package script '/home/davey/ros2-learning-portfolio/install/parameters_package/share/parameters_package/package.ps1'
[1.544s] INFO:colcon.colcon_core.shell:Creating package descriptor '/home/davey/ros2-learning-portfolio/install/parameters_package/share/parameters_package/package.dsv'
[1.544s] INFO:colcon.colcon_core.shell:Creating package script '/home/davey/ros2-learning-portfolio/install/parameters_package/share/parameters_package/package.sh'
[1.545s] INFO:colcon.colcon_core.shell:Creating package script '/home/davey/ros2-learning-portfolio/install/parameters_package/share/parameters_package/package.bash'
[1.545s] INFO:colcon.colcon_core.shell:Creating package script '/home/davey/ros2-learning-portfolio/install/parameters_package/share/parameters_package/package.zsh'
[1.545s] Level 1:colcon.colcon_core.environment:create_file_with_runtime_dependencies(/home/davey/ros2-learning-portfolio/install/parameters_package/share/colcon-core/packages/parameters_package)
[1.545s] DEBUG:colcon.colcon_parallel_executor.executor.parallel:closing loop
[1.546s] DEBUG:colcon.colcon_parallel_executor.executor.parallel:loop closed
[1.546s] DEBUG:colcon.colcon_parallel_executor.executor.parallel:run_until_complete finished with '0'
[1.546s] DEBUG:colcon.colcon_core.event_reactor:joining thread
[1.598s] INFO:colcon.colcon_core.plugin_system:Skipping extension 'colcon_notification.desktop_notification.terminal_notifier': Not used on non-Darwin systems
[1.598s] INFO:colcon.colcon_core.plugin_system:Skipping extension 'colcon_notification.desktop_notification.win32': Not used on non-Windows systems
[1.598s] INFO:colcon.colcon_notification.desktop_notification:Sending desktop notification using 'notify2'
[1.612s] DEBUG:colcon.colcon_core.event_reactor:joined thread
[1.612s] INFO:colcon.colcon_core.shell:Creating prefix script '/home/davey/ros2-learning-portfolio/install/local_setup.ps1'
[1.613s] INFO:colcon.colcon_core.shell:Creating prefix util module '/home/davey/ros2-learning-portfolio/install/_local_setup_util_ps1.py'
[1.614s] INFO:colcon.colcon_core.shell:Creating prefix chain script '/home/davey/ros2-learning-portfolio/install/setup.ps1'
[1.614s] INFO:colcon.colcon_core.shell:Creating prefix script '/home/davey/ros2-learning-portfolio/install/local_setup.sh'
[1.615s] INFO:colcon.colcon_core.shell:Creating prefix util module '/home/davey/ros2-learning-portfolio/install/_local_setup_util_sh.py'
[1.615s] INFO:colcon.colcon_core.shell:Creating prefix chain script '/home/davey/ros2-learning-portfolio/install/setup.sh'
[1.618s] INFO:colcon.colcon_core.shell:Creating prefix script '/home/davey/ros2-learning-portfolio/install/local_setup.bash'
[1.619s] INFO:colcon.colcon_core.shell:Creating prefix chain script '/home/davey/ros2-learning-portfolio/install/setup.bash'
[1.621s] INFO:colcon.colcon_core.shell:Creating prefix script '/home/davey/ros2-learning-portfolio/install/local_setup.zsh'
[1.622s] INFO:colcon.colcon_core.shell:Creating prefix chain script '/home/davey/ros2-learning-portfolio/install/setup.zsh'
