[0.114s] DEBUG:colcon:Command line arguments: ['/usr/bin/colcon', 'build']
[0.114s] DEBUG:colcon:Parsed command line arguments: Namespace(log_base=None, log_level=None, verb_name='build', build_base='build', install_base='install', merge_install=False, symlink_install=False, test_result_base=None, continue_on_error=False, executor='parallel', parallel_workers=12, event_handlers=None, ignore_user_meta=False, metas=['./colcon.meta'], base_paths=['.'], packages_ignore=None, packages_ignore_regex=None, paths=None, packages_up_to=None, packages_up_to_regex=None, packages_above=None, packages_above_and_dependencies=None, packages_above_depth=None, packages_select_by_dep=None, packages_skip_by_dep=None, packages_skip_up_to=None, packages_select_build_failed=False, packages_skip_build_finished=False, packages_select_test_failures=False, packages_skip_test_passed=False, packages_select=None, packages_skip=None, packages_select_regex=None, packages_skip_regex=None, packages_start=None, packages_end=None, allow_overriding=[], cmake_args=None, cmake_target=None, cmake_target_skip_unavailable=False, cmake_clean_cache=False, cmake_clean_first=False, cmake_force_configure=False, ament_cmake_args=None, catkin_cmake_args=None, catkin_skip_building_tests=False, verb_parser=<colcon_defaults.argument_parser.defaults.DefaultArgumentsDecorator object at 0x7f9289ce29b0>, verb_extension=<colcon_core.verb.build.BuildVerb object at 0x7f9289ce1990>, main=<bound method BuildVerb.main of <colcon_core.verb.build.BuildVerb object at 0x7f9289ce1990>>)
[0.234s] Level 1:colcon.colcon_core.package_discovery:discover_packages(colcon_meta) check parameters
[0.234s] Level 1:colcon.colcon_core.package_discovery:discover_packages(recursive) check parameters
[0.234s] Level 1:colcon.colcon_core.package_discovery:discover_packages(ignore) check parameters
[0.234s] Level 1:colcon.colcon_core.package_discovery:discover_packages(path) check parameters
[0.234s] Level 1:colcon.colcon_core.package_discovery:discover_packages(colcon_meta) discover
[0.234s] Level 1:colcon.colcon_core.package_discovery:discover_packages(recursive) discover
[0.234s] INFO:colcon.colcon_core.package_discovery:Crawling recursively for packages in '/home/davey/ros2-learning-portfolio'
[0.234s] Level 1:colcon.colcon_core.package_identification:_identify(.) by extensions ['ignore', 'ignore_ament_install']
[0.234s] Level 1:colcon.colcon_core.package_identification:_identify(.) by extension 'ignore'
[0.234s] Level 1:colcon.colcon_core.package_identification:_identify(.) by extension 'ignore_ament_install'
[0.234s] Level 1:colcon.colcon_core.package_identification:_identify(.) by extensions ['colcon_pkg']
[0.234s] Level 1:colcon.colcon_core.package_identification:_identify(.) by extension 'colcon_pkg'
[0.234s] Level 1:colcon.colcon_core.package_identification:_identify(.) by extensions ['colcon_meta']
[0.234s] Level 1:colcon.colcon_core.package_identification:_identify(.) by extension 'colcon_meta'
[0.234s] Level 1:colcon.colcon_core.package_identification:_identify(.) by extensions ['ros']
[0.234s] Level 1:colcon.colcon_core.package_identification:_identify(.) by extension 'ros'
[0.241s] Level 1:colcon.colcon_core.package_identification:_identify(.) by extensions ['cmake', 'python']
[0.241s] Level 1:colcon.colcon_core.package_identification:_identify(.) by extension 'cmake'
[0.241s] Level 1:colcon.colcon_core.package_identification:_identify(.) by extension 'python'
[0.241s] Level 1:colcon.colcon_core.package_identification:_identify(.) by extensions ['python_setup_py']
[0.241s] Level 1:colcon.colcon_core.package_identification:_identify(.) by extension 'python_setup_py'
[0.241s] Level 1:colcon.colcon_core.package_identification:_identify(build) by extensions ['ignore', 'ignore_ament_install']
[0.242s] Level 1:colcon.colcon_core.package_identification:_identify(build) by extension 'ignore'
[0.242s] Level 1:colcon.colcon_core.package_identification:_identify(build) ignored
[0.242s] Level 1:colcon.colcon_core.package_identification:_identify(install) by extensions ['ignore', 'ignore_ament_install']
[0.242s] Level 1:colcon.colcon_core.package_identification:_identify(install) by extension 'ignore'
[0.242s] Level 1:colcon.colcon_core.package_identification:_identify(install) ignored
[0.242s] Level 1:colcon.colcon_core.package_identification:_identify(log) by extensions ['ignore', 'ignore_ament_install']
[0.242s] Level 1:colcon.colcon_core.package_identification:_identify(log) by extension 'ignore'
[0.242s] Level 1:colcon.colcon_core.package_identification:_identify(log) ignored
[0.242s] Level 1:colcon.colcon_core.package_identification:_identify(src) by extensions ['ignore', 'ignore_ament_install']
[0.242s] Level 1:colcon.colcon_core.package_identification:_identify(src) by extension 'ignore'
[0.242s] Level 1:colcon.colcon_core.package_identification:_identify(src) by extension 'ignore_ament_install'
[0.242s] Level 1:colcon.colcon_core.package_identification:_identify(src) by extensions ['colcon_pkg']
[0.242s] Level 1:colcon.colcon_core.package_identification:_identify(src) by extension 'colcon_pkg'
[0.242s] Level 1:colcon.colcon_core.package_identification:_identify(src) by extensions ['colcon_meta']
[0.242s] Level 1:colcon.colcon_core.package_identification:_identify(src) by extension 'colcon_meta'
[0.242s] Level 1:colcon.colcon_core.package_identification:_identify(src) by extensions ['ros']
[0.242s] Level 1:colcon.colcon_core.package_identification:_identify(src) by extension 'ros'
[0.242s] Level 1:colcon.colcon_core.package_identification:_identify(src) by extensions ['cmake', 'python']
[0.242s] Level 1:colcon.colcon_core.package_identification:_identify(src) by extension 'cmake'
[0.242s] Level 1:colcon.colcon_core.package_identification:_identify(src) by extension 'python'
[0.242s] Level 1:colcon.colcon_core.package_identification:_identify(src) by extensions ['python_setup_py']
[0.242s] Level 1:colcon.colcon_core.package_identification:_identify(src) by extension 'python_setup_py'
[0.242s] Level 1:colcon.colcon_core.package_identification:_identify(src/basic_package) by extensions ['ignore', 'ignore_ament_install']
[0.242s] Level 1:colcon.colcon_core.package_identification:_identify(src/basic_package) by extension 'ignore'
[0.242s] Level 1:colcon.colcon_core.package_identification:_identify(src/basic_package) by extension 'ignore_ament_install'
[0.242s] Level 1:colcon.colcon_core.package_identification:_identify(src/basic_package) by extensions ['colcon_pkg']
[0.242s] Level 1:colcon.colcon_core.package_identification:_identify(src/basic_package) by extension 'colcon_pkg'
[0.242s] Level 1:colcon.colcon_core.package_identification:_identify(src/basic_package) by extensions ['colcon_meta']
[0.242s] Level 1:colcon.colcon_core.package_identification:_identify(src/basic_package) by extension 'colcon_meta'
[0.243s] Level 1:colcon.colcon_core.package_identification:_identify(src/basic_package) by extensions ['ros']
[0.243s] Level 1:colcon.colcon_core.package_identification:_identify(src/basic_package) by extension 'ros'
[0.244s] DEBUG:colcon.colcon_core.package_identification:Package 'src/basic_package' with type 'ros.ament_python' and name 'basic_package'
[0.244s] Level 1:colcon.colcon_core.package_identification:_identify(src/parameters_package) by extensions ['ignore', 'ignore_ament_install']
[0.244s] Level 1:colcon.colcon_core.package_identification:_identify(src/parameters_package) by extension 'ignore'
[0.244s] Level 1:colcon.colcon_core.package_identification:_identify(src/parameters_package) by extension 'ignore_ament_install'
[0.244s] Level 1:colcon.colcon_core.package_identification:_identify(src/parameters_package) by extensions ['colcon_pkg']
[0.244s] Level 1:colcon.colcon_core.package_identification:_identify(src/parameters_package) by extension 'colcon_pkg'
[0.244s] Level 1:colcon.colcon_core.package_identification:_identify(src/parameters_package) by extensions ['colcon_meta']
[0.244s] Level 1:colcon.colcon_core.package_identification:_identify(src/parameters_package) by extension 'colcon_meta'
[0.244s] Level 1:colcon.colcon_core.package_identification:_identify(src/parameters_package) by extensions ['ros']
[0.244s] Level 1:colcon.colcon_core.package_identification:_identify(src/parameters_package) by extension 'ros'
[0.245s] DEBUG:colcon.colcon_core.package_identification:Package 'src/parameters_package' with type 'ros.ament_python' and name 'parameters_package'
[0.245s] Level 1:colcon.colcon_core.package_identification:_identify(src/robot_package) by extensions ['ignore', 'ignore_ament_install']
[0.245s] Level 1:colcon.colcon_core.package_identification:_identify(src/robot_package) by extension 'ignore'
[0.245s] Level 1:colcon.colcon_core.package_identification:_identify(src/robot_package) by extension 'ignore_ament_install'
[0.245s] Level 1:colcon.colcon_core.package_identification:_identify(src/robot_package) by extensions ['colcon_pkg']
[0.245s] Level 1:colcon.colcon_core.package_identification:_identify(src/robot_package) by extension 'colcon_pkg'
[0.245s] Level 1:colcon.colcon_core.package_identification:_identify(src/robot_package) by extensions ['colcon_meta']
[0.245s] Level 1:colcon.colcon_core.package_identification:_identify(src/robot_package) by extension 'colcon_meta'
[0.245s] Level 1:colcon.colcon_core.package_identification:_identify(src/robot_package) by extensions ['ros']
[0.245s] Level 1:colcon.colcon_core.package_identification:_identify(src/robot_package) by extension 'ros'
[0.245s] DEBUG:colcon.colcon_core.package_identification:Package 'src/robot_package' with type 'ros.ament_python' and name 'robot_package'
[0.246s] Level 1:colcon.colcon_core.package_discovery:discover_packages(recursive) using defaults
[0.246s] Level 1:colcon.colcon_core.package_discovery:discover_packages(ignore) discover
[0.246s] Level 1:colcon.colcon_core.package_discovery:discover_packages(ignore) using defaults
[0.246s] Level 1:colcon.colcon_core.package_discovery:discover_packages(path) discover
[0.246s] Level 1:colcon.colcon_core.package_discovery:discover_packages(path) using defaults
[0.267s] Level 1:colcon.colcon_core.package_discovery:discover_packages(prefix_path) check parameters
[0.267s] Level 1:colcon.colcon_core.package_discovery:discover_packages(prefix_path) discover
[0.268s] DEBUG:colcon.colcon_installed_package_information.package_discovery:Found 3 installed packages in /home/davey/ros2-learning-portfolio/install
[0.269s] DEBUG:colcon.colcon_installed_package_information.package_discovery:Found 13 installed packages in /home/davey/ros2_ws/install
[0.270s] DEBUG:colcon.colcon_installed_package_information.package_discovery:Found 315 installed packages in /opt/ros/humble
[0.271s] Level 1:colcon.colcon_core.package_discovery:discover_packages(prefix_path) using defaults
[0.296s] Level 5:colcon.colcon_core.verb:set package 'basic_package' build argument 'cmake_args' from command line to 'None'
[0.296s] Level 5:colcon.colcon_core.verb:set package 'basic_package' build argument 'cmake_target' from command line to 'None'
[0.296s] Level 5:colcon.colcon_core.verb:set package 'basic_package' build argument 'cmake_target_skip_unavailable' from command line to 'False'
[0.296s] Level 5:colcon.colcon_core.verb:set package 'basic_package' build argument 'cmake_clean_cache' from command line to 'False'
[0.296s] Level 5:colcon.colcon_core.verb:set package 'basic_package' build argument 'cmake_clean_first' from command line to 'False'
[0.296s] Level 5:colcon.colcon_core.verb:set package 'basic_package' build argument 'cmake_force_configure' from command line to 'False'
[0.296s] Level 5:colcon.colcon_core.verb:set package 'basic_package' build argument 'ament_cmake_args' from command line to 'None'
[0.296s] Level 5:colcon.colcon_core.verb:set package 'basic_package' build argument 'catkin_cmake_args' from command line to 'None'
[0.296s] Level 5:colcon.colcon_core.verb:set package 'basic_package' build argument 'catkin_skip_building_tests' from command line to 'False'
[0.296s] DEBUG:colcon.colcon_core.verb:Building package 'basic_package' with the following arguments: {'ament_cmake_args': None, 'build_base': '/home/davey/ros2-learning-portfolio/build/basic_package', 'catkin_cmake_args': None, 'catkin_skip_building_tests': False, 'cmake_args': None, 'cmake_clean_cache': False, 'cmake_clean_first': False, 'cmake_force_configure': False, 'cmake_target': None, 'cmake_target_skip_unavailable': False, 'install_base': '/home/davey/ros2-learning-portfolio/install/basic_package', 'merge_install': False, 'path': '/home/davey/ros2-learning-portfolio/src/basic_package', 'symlink_install': False, 'test_result_base': None}
[0.296s] Level 5:colcon.colcon_core.verb:set package 'parameters_package' build argument 'cmake_args' from command line to 'None'
[0.296s] Level 5:colcon.colcon_core.verb:set package 'parameters_package' build argument 'cmake_target' from command line to 'None'
[0.296s] Level 5:colcon.colcon_core.verb:set package 'parameters_package' build argument 'cmake_target_skip_unavailable' from command line to 'False'
[0.296s] Level 5:colcon.colcon_core.verb:set package 'parameters_package' build argument 'cmake_clean_cache' from command line to 'False'
[0.296s] Level 5:colcon.colcon_core.verb:set package 'parameters_package' build argument 'cmake_clean_first' from command line to 'False'
[0.296s] Level 5:colcon.colcon_core.verb:set package 'parameters_package' build argument 'cmake_force_configure' from command line to 'False'
[0.296s] Level 5:colcon.colcon_core.verb:set package 'parameters_package' build argument 'ament_cmake_args' from command line to 'None'
[0.296s] Level 5:colcon.colcon_core.verb:set package 'parameters_package' build argument 'catkin_cmake_args' from command line to 'None'
[0.296s] Level 5:colcon.colcon_core.verb:set package 'parameters_package' build argument 'catkin_skip_building_tests' from command line to 'False'
[0.296s] DEBUG:colcon.colcon_core.verb:Building package 'parameters_package' with the following arguments: {'ament_cmake_args': None, 'build_base': '/home/davey/ros2-learning-portfolio/build/parameters_package', 'catkin_cmake_args': None, 'catkin_skip_building_tests': False, 'cmake_args': None, 'cmake_clean_cache': False, 'cmake_clean_first': False, 'cmake_force_configure': False, 'cmake_target': None, 'cmake_target_skip_unavailable': False, 'install_base': '/home/davey/ros2-learning-portfolio/install/parameters_package', 'merge_install': False, 'path': '/home/davey/ros2-learning-portfolio/src/parameters_package', 'symlink_install': False, 'test_result_base': None}
[0.296s] Level 5:colcon.colcon_core.verb:set package 'robot_package' build argument 'cmake_args' from command line to 'None'
[0.296s] Level 5:colcon.colcon_core.verb:set package 'robot_package' build argument 'cmake_target' from command line to 'None'
[0.296s] Level 5:colcon.colcon_core.verb:set package 'robot_package' build argument 'cmake_target_skip_unavailable' from command line to 'False'
[0.296s] Level 5:colcon.colcon_core.verb:set package 'robot_package' build argument 'cmake_clean_cache' from command line to 'False'
[0.296s] Level 5:colcon.colcon_core.verb:set package 'robot_package' build argument 'cmake_clean_first' from command line to 'False'
[0.297s] Level 5:colcon.colcon_core.verb:set package 'robot_package' build argument 'cmake_force_configure' from command line to 'False'
[0.297s] Level 5:colcon.colcon_core.verb:set package 'robot_package' build argument 'ament_cmake_args' from command line to 'None'
[0.297s] Level 5:colcon.colcon_core.verb:set package 'robot_package' build argument 'catkin_cmake_args' from command line to 'None'
[0.297s] Level 5:colcon.colcon_core.verb:set package 'robot_package' build argument 'catkin_skip_building_tests' from command line to 'False'
[0.297s] DEBUG:colcon.colcon_core.verb:Building package 'robot_package' with the following arguments: {'ament_cmake_args': None, 'build_base': '/home/davey/ros2-learning-portfolio/build/robot_package', 'catkin_cmake_args': None, 'catkin_skip_building_tests': False, 'cmake_args': None, 'cmake_clean_cache': False, 'cmake_clean_first': False, 'cmake_force_configure': False, 'cmake_target': None, 'cmake_target_skip_unavailable': False, 'install_base': '/home/davey/ros2-learning-portfolio/install/robot_package', 'merge_install': False, 'path': '/home/davey/ros2-learning-portfolio/src/robot_package', 'symlink_install': False, 'test_result_base': None}
[0.297s] INFO:colcon.colcon_core.executor:Executing jobs using 'parallel' executor
[0.297s] DEBUG:colcon.colcon_parallel_executor.executor.parallel:run_until_complete
[0.298s] INFO:colcon.colcon_ros.task.ament_python.build:Building ROS package in '/home/davey/ros2-learning-portfolio/src/basic_package' with build type 'ament_python'
[0.298s] Level 1:colcon.colcon_core.shell:create_environment_hook('basic_package', 'ament_prefix_path')
[0.299s] INFO:colcon.colcon_core.plugin_system:Skipping extension 'colcon_core.shell.bat': Not used on non-Windows systems
[0.299s] INFO:colcon.colcon_core.shell:Creating environment hook '/home/davey/ros2-learning-portfolio/install/basic_package/share/basic_package/hook/ament_prefix_path.ps1'
[0.300s] INFO:colcon.colcon_core.shell:Creating environment descriptor '/home/davey/ros2-learning-portfolio/install/basic_package/share/basic_package/hook/ament_prefix_path.dsv'
[0.300s] INFO:colcon.colcon_core.shell:Creating environment hook '/home/davey/ros2-learning-portfolio/install/basic_package/share/basic_package/hook/ament_prefix_path.sh'
[0.300s] INFO:colcon.colcon_core.shell:Skip shell extension 'powershell' for command environment: Not usable outside of PowerShell
[0.300s] DEBUG:colcon.colcon_core.shell:Skip shell extension 'dsv' for command environment
[0.303s] INFO:colcon.colcon_ros.task.ament_python.build:Building ROS package in '/home/davey/ros2-learning-portfolio/src/parameters_package' with build type 'ament_python'
[0.303s] Level 1:colcon.colcon_core.shell:create_environment_hook('parameters_package', 'ament_prefix_path')
[0.303s] INFO:colcon.colcon_core.shell:Creating environment hook '/home/davey/ros2-learning-portfolio/install/parameters_package/share/parameters_package/hook/ament_prefix_path.ps1'
[0.304s] INFO:colcon.colcon_core.shell:Creating environment descriptor '/home/davey/ros2-learning-portfolio/install/parameters_package/share/parameters_package/hook/ament_prefix_path.dsv'
[0.304s] INFO:colcon.colcon_core.shell:Creating environment hook '/home/davey/ros2-learning-portfolio/install/parameters_package/share/parameters_package/hook/ament_prefix_path.sh'
[0.304s] INFO:colcon.colcon_core.shell:Skip shell extension 'powershell' for command environment: Not usable outside of PowerShell
[0.304s] DEBUG:colcon.colcon_core.shell:Skip shell extension 'dsv' for command environment
[0.307s] INFO:colcon.colcon_ros.task.ament_python.build:Building ROS package in '/home/davey/ros2-learning-portfolio/src/robot_package' with build type 'ament_python'
[0.307s] Level 1:colcon.colcon_core.shell:create_environment_hook('robot_package', 'ament_prefix_path')
[0.307s] INFO:colcon.colcon_core.shell:Creating environment hook '/home/davey/ros2-learning-portfolio/install/robot_package/share/robot_package/hook/ament_prefix_path.ps1'
[0.308s] INFO:colcon.colcon_core.shell:Creating environment descriptor '/home/davey/ros2-learning-portfolio/install/robot_package/share/robot_package/hook/ament_prefix_path.dsv'
[0.308s] INFO:colcon.colcon_core.shell:Creating environment hook '/home/davey/ros2-learning-portfolio/install/robot_package/share/robot_package/hook/ament_prefix_path.sh'
[0.308s] INFO:colcon.colcon_core.shell:Skip shell extension 'powershell' for command environment: Not usable outside of PowerShell
[0.308s] DEBUG:colcon.colcon_core.shell:Skip shell extension 'dsv' for command environment
[0.505s] INFO:colcon.colcon_core.task.python.build:Building Python package in '/home/davey/ros2-learning-portfolio/src/basic_package'
[0.505s] INFO:colcon.colcon_core.shell:Skip shell extension 'powershell' for command environment: Not usable outside of PowerShell
[0.505s] DEBUG:colcon.colcon_core.shell:Skip shell extension 'dsv' for command environment
[0.690s] INFO:colcon.colcon_core.task.python.build:Building Python package in '/home/davey/ros2-learning-portfolio/src/parameters_package'
[0.691s] INFO:colcon.colcon_core.shell:Skip shell extension 'powershell' for command environment: Not usable outside of PowerShell
[0.691s] DEBUG:colcon.colcon_core.shell:Skip shell extension 'dsv' for command environment
[0.874s] INFO:colcon.colcon_core.task.python.build:Building Python package in '/home/davey/ros2-learning-portfolio/src/robot_package'
[0.875s] INFO:colcon.colcon_core.shell:Skip shell extension 'powershell' for command environment: Not usable outside of PowerShell
[0.875s] DEBUG:colcon.colcon_core.shell:Skip shell extension 'dsv' for command environment
[1.196s] DEBUG:colcon.colcon_core.event_handler.log_command:Invoking command in '/home/davey/ros2-learning-portfolio/src/basic_package': PYTHONPATH=/home/davey/ros2-learning-portfolio/build/basic_package/prefix_override:/usr/lib/python3/dist-packages/colcon_core/task/python/colcon_distutils_commands:/home/davey/ros2-learning-portfolio/install/basic_package/lib/python3.10/site-packages:${PYTHONPATH} /usr/bin/python3 -W ignore:setup.py install is deprecated setup.py egg_info --egg-base ../../build/basic_package build --build-base /home/davey/ros2-learning-portfolio/build/basic_package/build install --record /home/davey/ros2-learning-portfolio/build/basic_package/install.log --single-version-externally-managed install_data
[1.207s] DEBUG:colcon.colcon_core.event_handler.log_command:Invoking command in '/home/davey/ros2-learning-portfolio/src/parameters_package': PYTHONPATH=/home/davey/ros2-learning-portfolio/build/parameters_package/prefix_override:/usr/lib/python3/dist-packages/colcon_core/task/python/colcon_distutils_commands:/home/davey/ros2-learning-portfolio/install/parameters_package/lib/python3.10/site-packages:${PYTHONPATH} /usr/bin/python3 -W ignore:setup.py install is deprecated setup.py egg_info --egg-base ../../build/parameters_package build --build-base /home/davey/ros2-learning-portfolio/build/parameters_package/build install --record /home/davey/ros2-learning-portfolio/build/parameters_package/install.log --single-version-externally-managed install_data
[1.395s] DEBUG:colcon.colcon_core.event_handler.log_command:Invoking command in '/home/davey/ros2-learning-portfolio/src/robot_package': PYTHONPATH=/home/davey/ros2-learning-portfolio/build/robot_package/prefix_override:/usr/lib/python3/dist-packages/colcon_core/task/python/colcon_distutils_commands:/home/davey/ros2-learning-portfolio/install/robot_package/lib/python3.10/site-packages:${PYTHONPATH} /usr/bin/python3 -W ignore:setup.py install is deprecated setup.py egg_info --egg-base ../../build/robot_package build --build-base /home/davey/ros2-learning-portfolio/build/robot_package/build install --record /home/davey/ros2-learning-portfolio/build/robot_package/install.log --single-version-externally-managed install_data
[1.476s] DEBUG:colcon.colcon_core.event_handler.log_command:Invoked command in '/home/davey/ros2-learning-portfolio/src/basic_package' returned '0': PYTHONPATH=/home/davey/ros2-learning-portfolio/build/basic_package/prefix_override:/usr/lib/python3/dist-packages/colcon_core/task/python/colcon_distutils_commands:/home/davey/ros2-learning-portfolio/install/basic_package/lib/python3.10/site-packages:${PYTHONPATH} /usr/bin/python3 -W ignore:setup.py install is deprecated setup.py egg_info --egg-base ../../build/basic_package build --build-base /home/davey/ros2-learning-portfolio/build/basic_package/build install --record /home/davey/ros2-learning-portfolio/build/basic_package/install.log --single-version-externally-managed install_data
[1.478s] Level 1:colcon.colcon_core.environment:checking '/home/davey/ros2-learning-portfolio/install/basic_package' for CMake module files
[1.478s] Level 1:colcon.colcon_core.environment:checking '/home/davey/ros2-learning-portfolio/install/basic_package' for CMake config files
[1.479s] Level 1:colcon.colcon_core.environment:checking '/home/davey/ros2-learning-portfolio/install/basic_package/lib'
[1.479s] Level 1:colcon.colcon_core.environment:checking '/home/davey/ros2-learning-portfolio/install/basic_package/bin'
[1.479s] Level 1:colcon.colcon_core.environment:checking '/home/davey/ros2-learning-portfolio/install/basic_package/lib/pkgconfig/basic_package.pc'
[1.479s] Level 1:colcon.colcon_core.environment:checking '/home/davey/ros2-learning-portfolio/install/basic_package/lib/python3.10/site-packages'
[1.479s] Level 1:colcon.colcon_core.shell:create_environment_hook('basic_package', 'pythonpath')
[1.479s] INFO:colcon.colcon_core.shell:Creating environment hook '/home/davey/ros2-learning-portfolio/install/basic_package/share/basic_package/hook/pythonpath.ps1'
[1.480s] INFO:colcon.colcon_core.shell:Creating environment descriptor '/home/davey/ros2-learning-portfolio/install/basic_package/share/basic_package/hook/pythonpath.dsv'
[1.480s] INFO:colcon.colcon_core.shell:Creating environment hook '/home/davey/ros2-learning-portfolio/install/basic_package/share/basic_package/hook/pythonpath.sh'
[1.480s] Level 1:colcon.colcon_core.environment:checking '/home/davey/ros2-learning-portfolio/install/basic_package/bin'
[1.480s] Level 1:colcon.colcon_core.environment:create_environment_scripts_only(basic_package)
[1.481s] INFO:colcon.colcon_core.shell:Creating package script '/home/davey/ros2-learning-portfolio/install/basic_package/share/basic_package/package.ps1'
[1.481s] INFO:colcon.colcon_core.shell:Creating package descriptor '/home/davey/ros2-learning-portfolio/install/basic_package/share/basic_package/package.dsv'
[1.481s] INFO:colcon.colcon_core.shell:Creating package script '/home/davey/ros2-learning-portfolio/install/basic_package/share/basic_package/package.sh'
[1.482s] INFO:colcon.colcon_core.shell:Creating package script '/home/davey/ros2-learning-portfolio/install/basic_package/share/basic_package/package.bash'
[1.482s] INFO:colcon.colcon_core.shell:Creating package script '/home/davey/ros2-learning-portfolio/install/basic_package/share/basic_package/package.zsh'
[1.483s] Level 1:colcon.colcon_core.environment:create_file_with_runtime_dependencies(/home/davey/ros2-learning-portfolio/install/basic_package/share/colcon-core/packages/basic_package)
[1.515s] Level 1:colcon.colcon_core.environment:checking '/home/davey/ros2-learning-portfolio/install/parameters_package' for CMake module files
[1.516s] DEBUG:colcon.colcon_core.event_handler.log_command:Invoked command in '/home/davey/ros2-learning-portfolio/src/parameters_package' returned '0': PYTHONPATH=/home/davey/ros2-learning-portfolio/build/parameters_package/prefix_override:/usr/lib/python3/dist-packages/colcon_core/task/python/colcon_distutils_commands:/home/davey/ros2-learning-portfolio/install/parameters_package/lib/python3.10/site-packages:${PYTHONPATH} /usr/bin/python3 -W ignore:setup.py install is deprecated setup.py egg_info --egg-base ../../build/parameters_package build --build-base /home/davey/ros2-learning-portfolio/build/parameters_package/build install --record /home/davey/ros2-learning-portfolio/build/parameters_package/install.log --single-version-externally-managed install_data
[1.516s] Level 1:colcon.colcon_core.environment:checking '/home/davey/ros2-learning-portfolio/install/parameters_package' for CMake config files
[1.517s] Level 1:colcon.colcon_core.environment:checking '/home/davey/ros2-learning-portfolio/install/parameters_package/lib'
[1.517s] Level 1:colcon.colcon_core.environment:checking '/home/davey/ros2-learning-portfolio/install/parameters_package/bin'
[1.517s] Level 1:colcon.colcon_core.environment:checking '/home/davey/ros2-learning-portfolio/install/parameters_package/lib/pkgconfig/parameters_package.pc'
[1.517s] Level 1:colcon.colcon_core.environment:checking '/home/davey/ros2-learning-portfolio/install/parameters_package/lib/python3.10/site-packages'
[1.517s] Level 1:colcon.colcon_core.shell:create_environment_hook('parameters_package', 'pythonpath')
[1.517s] INFO:colcon.colcon_core.shell:Creating environment hook '/home/davey/ros2-learning-portfolio/install/parameters_package/share/parameters_package/hook/pythonpath.ps1'
[1.518s] INFO:colcon.colcon_core.shell:Creating environment descriptor '/home/davey/ros2-learning-portfolio/install/parameters_package/share/parameters_package/hook/pythonpath.dsv'
[1.518s] INFO:colcon.colcon_core.shell:Creating environment hook '/home/davey/ros2-learning-portfolio/install/parameters_package/share/parameters_package/hook/pythonpath.sh'
[1.519s] Level 1:colcon.colcon_core.environment:checking '/home/davey/ros2-learning-portfolio/install/parameters_package/bin'
[1.519s] Level 1:colcon.colcon_core.environment:create_environment_scripts_only(parameters_package)
[1.519s] INFO:colcon.colcon_core.shell:Creating package script '/home/davey/ros2-learning-portfolio/install/parameters_package/share/parameters_package/package.ps1'
[1.519s] INFO:colcon.colcon_core.shell:Creating package descriptor '/home/davey/ros2-learning-portfolio/install/parameters_package/share/parameters_package/package.dsv'
[1.519s] INFO:colcon.colcon_core.shell:Creating package script '/home/davey/ros2-learning-portfolio/install/parameters_package/share/parameters_package/package.sh'
[1.520s] INFO:colcon.colcon_core.shell:Creating package script '/home/davey/ros2-learning-portfolio/install/parameters_package/share/parameters_package/package.bash'
[1.520s] INFO:colcon.colcon_core.shell:Creating package script '/home/davey/ros2-learning-portfolio/install/parameters_package/share/parameters_package/package.zsh'
[1.520s] Level 1:colcon.colcon_core.environment:create_file_with_runtime_dependencies(/home/davey/ros2-learning-portfolio/install/parameters_package/share/colcon-core/packages/parameters_package)
[1.664s] Level 1:colcon.colcon_core.environment:checking '/home/davey/ros2-learning-portfolio/install/robot_package' for CMake module files
[1.665s] DEBUG:colcon.colcon_core.event_handler.log_command:Invoked command in '/home/davey/ros2-learning-portfolio/src/robot_package' returned '0': PYTHONPATH=/home/davey/ros2-learning-portfolio/build/robot_package/prefix_override:/usr/lib/python3/dist-packages/colcon_core/task/python/colcon_distutils_commands:/home/davey/ros2-learning-portfolio/install/robot_package/lib/python3.10/site-packages:${PYTHONPATH} /usr/bin/python3 -W ignore:setup.py install is deprecated setup.py egg_info --egg-base ../../build/robot_package build --build-base /home/davey/ros2-learning-portfolio/build/robot_package/build install --record /home/davey/ros2-learning-portfolio/build/robot_package/install.log --single-version-externally-managed install_data
[1.665s] Level 1:colcon.colcon_core.environment:checking '/home/davey/ros2-learning-portfolio/install/robot_package' for CMake config files
[1.665s] Level 1:colcon.colcon_core.environment:checking '/home/davey/ros2-learning-portfolio/install/robot_package/lib'
[1.666s] Level 1:colcon.colcon_core.environment:checking '/home/davey/ros2-learning-portfolio/install/robot_package/bin'
[1.666s] Level 1:colcon.colcon_core.environment:checking '/home/davey/ros2-learning-portfolio/install/robot_package/lib/pkgconfig/robot_package.pc'
[1.666s] Level 1:colcon.colcon_core.environment:checking '/home/davey/ros2-learning-portfolio/install/robot_package/lib/python3.10/site-packages'
[1.666s] Level 1:colcon.colcon_core.shell:create_environment_hook('robot_package', 'pythonpath')
[1.666s] INFO:colcon.colcon_core.shell:Creating environment hook '/home/davey/ros2-learning-portfolio/install/robot_package/share/robot_package/hook/pythonpath.ps1'
[1.666s] INFO:colcon.colcon_core.shell:Creating environment descriptor '/home/davey/ros2-learning-portfolio/install/robot_package/share/robot_package/hook/pythonpath.dsv'
[1.667s] INFO:colcon.colcon_core.shell:Creating environment hook '/home/davey/ros2-learning-portfolio/install/robot_package/share/robot_package/hook/pythonpath.sh'
[1.667s] Level 1:colcon.colcon_core.environment:checking '/home/davey/ros2-learning-portfolio/install/robot_package/bin'
[1.667s] Level 1:colcon.colcon_core.environment:create_environment_scripts_only(robot_package)
[1.667s] INFO:colcon.colcon_core.shell:Creating package script '/home/davey/ros2-learning-portfolio/install/robot_package/share/robot_package/package.ps1'
[1.667s] INFO:colcon.colcon_core.shell:Creating package descriptor '/home/davey/ros2-learning-portfolio/install/robot_package/share/robot_package/package.dsv'
[1.668s] INFO:colcon.colcon_core.shell:Creating package script '/home/davey/ros2-learning-portfolio/install/robot_package/share/robot_package/package.sh'
[1.668s] INFO:colcon.colcon_core.shell:Creating package script '/home/davey/ros2-learning-portfolio/install/robot_package/share/robot_package/package.bash'
[1.668s] INFO:colcon.colcon_core.shell:Creating package script '/home/davey/ros2-learning-portfolio/install/robot_package/share/robot_package/package.zsh'
[1.668s] Level 1:colcon.colcon_core.environment:create_file_with_runtime_dependencies(/home/davey/ros2-learning-portfolio/install/robot_package/share/colcon-core/packages/robot_package)
[1.668s] DEBUG:colcon.colcon_parallel_executor.executor.parallel:closing loop
[1.669s] DEBUG:colcon.colcon_parallel_executor.executor.parallel:loop closed
[1.669s] DEBUG:colcon.colcon_parallel_executor.executor.parallel:run_until_complete finished with '0'
[1.669s] DEBUG:colcon.colcon_core.event_reactor:joining thread
[1.721s] INFO:colcon.colcon_core.plugin_system:Skipping extension 'colcon_notification.desktop_notification.terminal_notifier': Not used on non-Darwin systems
[1.721s] INFO:colcon.colcon_core.plugin_system:Skipping extension 'colcon_notification.desktop_notification.win32': Not used on non-Windows systems
[1.721s] INFO:colcon.colcon_notification.desktop_notification:Sending desktop notification using 'notify2'
[1.733s] DEBUG:colcon.colcon_core.event_reactor:joined thread
[1.733s] INFO:colcon.colcon_core.shell:Creating prefix script '/home/davey/ros2-learning-portfolio/install/local_setup.ps1'
[1.735s] INFO:colcon.colcon_core.shell:Creating prefix util module '/home/davey/ros2-learning-portfolio/install/_local_setup_util_ps1.py'
[1.737s] INFO:colcon.colcon_core.shell:Creating prefix chain script '/home/davey/ros2-learning-portfolio/install/setup.ps1'
[1.742s] INFO:colcon.colcon_core.shell:Creating prefix script '/home/davey/ros2-learning-portfolio/install/local_setup.sh'
[1.744s] INFO:colcon.colcon_core.shell:Creating prefix util module '/home/davey/ros2-learning-portfolio/install/_local_setup_util_sh.py'
[1.745s] INFO:colcon.colcon_core.shell:Creating prefix chain script '/home/davey/ros2-learning-portfolio/install/setup.sh'
[1.751s] INFO:colcon.colcon_core.shell:Creating prefix script '/home/davey/ros2-learning-portfolio/install/local_setup.bash'
[1.752s] INFO:colcon.colcon_core.shell:Creating prefix chain script '/home/davey/ros2-learning-portfolio/install/setup.bash'
[1.755s] INFO:colcon.colcon_core.shell:Creating prefix script '/home/davey/ros2-learning-portfolio/install/local_setup.zsh'
[1.755s] INFO:colcon.colcon_core.shell:Creating prefix chain script '/home/davey/ros2-learning-portfolio/install/setup.zsh'
