[0.507s] Invoking command in '/home/davey/ros2-learning-portfolio/src/basic_package': PYTHONPATH=/home/davey/ros2-learning-portfolio/build/basic_package/prefix_override:/usr/lib/python3/dist-packages/colcon_core/task/python/colcon_distutils_commands:/home/davey/ros2-learning-portfolio/install/basic_package/lib/python3.10/site-packages:${PYTHONPATH} /usr/bin/python3 -W ignore:setup.py install is deprecated setup.py egg_info --egg-base ../../build/basic_package build --build-base /home/davey/ros2-learning-portfolio/build/basic_package/build install --record /home/davey/ros2-learning-portfolio/build/basic_package/install.log --single-version-externally-managed install_data
[0.633s] running egg_info
[0.633s] writing ../../build/basic_package/basic_package.egg-info/PKG-INFO
[0.633s] writing dependency_links to ../../build/basic_package/basic_package.egg-info/dependency_links.txt
[0.633s] writing entry points to ../../build/basic_package/basic_package.egg-info/entry_points.txt
[0.634s] writing requirements to ../../build/basic_package/basic_package.egg-info/requires.txt
[0.634s] writing top-level names to ../../build/basic_package/basic_package.egg-info/top_level.txt
[0.634s] reading manifest file '../../build/basic_package/basic_package.egg-info/SOURCES.txt'
[0.634s] adding license file 'LICENSE'
[0.634s] writing manifest file '../../build/basic_package/basic_package.egg-info/SOURCES.txt'
[0.635s] running build
[0.635s] running build_py
[0.635s] copying basic_package/basic_publisher.py -> /home/davey/ros2-learning-portfolio/build/basic_package/build/lib/basic_package
[0.635s] copying basic_package/basic_subscriber.py -> /home/davey/ros2-learning-portfolio/build/basic_package/build/lib/basic_package
[0.635s] running install
[0.635s] running install_lib
[0.635s] copying /home/davey/ros2-learning-portfolio/build/basic_package/build/lib/basic_package/basic_publisher.py -> /home/davey/ros2-learning-portfolio/install/basic_package/lib/python3.10/site-packages/basic_package
[0.636s] copying /home/davey/ros2-learning-portfolio/build/basic_package/build/lib/basic_package/basic_subscriber.py -> /home/davey/ros2-learning-portfolio/install/basic_package/lib/python3.10/site-packages/basic_package
[0.636s] byte-compiling /home/davey/ros2-learning-portfolio/install/basic_package/lib/python3.10/site-packages/basic_package/basic_publisher.py to basic_publisher.cpython-310.pyc
[0.637s] byte-compiling /home/davey/ros2-learning-portfolio/install/basic_package/lib/python3.10/site-packages/basic_package/basic_subscriber.py to basic_subscriber.cpython-310.pyc
[0.637s] Sorry: IndentationError: expected an indented block after function definition on line 14 (basic_subscriber.py, line 17)
[0.637s] running install_data
[0.637s] running install_egg_info
[0.639s] removing '/home/davey/ros2-learning-portfolio/install/basic_package/lib/python3.10/site-packages/basic_package-0.0.0-py3.10.egg-info' (and everything under it)
[0.639s] Copying ../../build/basic_package/basic_package.egg-info to /home/davey/ros2-learning-portfolio/install/basic_package/lib/python3.10/site-packages/basic_package-0.0.0-py3.10.egg-info
[0.640s] running install_scripts
[0.702s] Installing basic_client script to /home/davey/ros2-learning-portfolio/install/basic_package/lib/basic_package
[0.703s] Installing basic_publisher script to /home/davey/ros2-learning-portfolio/install/basic_package/lib/basic_package
[0.703s] Installing basic_service script to /home/davey/ros2-learning-portfolio/install/basic_package/lib/basic_package
[0.703s] Installing basic_subscriber script to /home/davey/ros2-learning-portfolio/install/basic_package/lib/basic_package
[0.703s] Installing fibonacci_action_client script to /home/davey/ros2-learning-portfolio/install/basic_package/lib/basic_package
[0.703s] Installing fibonacci_action_server script to /home/davey/ros2-learning-portfolio/install/basic_package/lib/basic_package
[0.703s] writing list of installed files to '/home/davey/ros2-learning-portfolio/build/basic_package/install.log'
[0.719s] Invoked command in '/home/davey/ros2-learning-portfolio/src/basic_package' returned '0': PYTHONPATH=/home/davey/ros2-learning-portfolio/build/basic_package/prefix_override:/usr/lib/python3/dist-packages/colcon_core/task/python/colcon_distutils_commands:/home/davey/ros2-learning-portfolio/install/basic_package/lib/python3.10/site-packages:${PYTHONPATH} /usr/bin/python3 -W ignore:setup.py install is deprecated setup.py egg_info --egg-base ../../build/basic_package build --build-base /home/davey/ros2-learning-portfolio/build/basic_package/build install --record /home/davey/ros2-learning-portfolio/build/basic_package/install.log --single-version-externally-managed install_data
