[0.555s] Invoking command in '/home/davey/ros2-learning-portfolio/src/parameters_package': PYTHONPATH=/home/davey/ros2-learning-portfolio/build/parameters_package/prefix_override:/usr/lib/python3/dist-packages/colcon_core/task/python/colcon_distutils_commands:/home/davey/ros2-learning-portfolio/install/parameters_package/lib/python3.10/site-packages:${PYTHONPATH} /usr/bin/python3 -W ignore:setup.py install is deprecated setup.py egg_info --egg-base ../../build/parameters_package build --build-base /home/davey/ros2-learning-portfolio/build/parameters_package/build install --record /home/davey/ros2-learning-portfolio/build/parameters_package/install.log --single-version-externally-managed install_data
[0.683s] running egg_info
[0.684s] writing ../../build/parameters_package/parameters_package.egg-info/PKG-INFO
[0.684s] writing dependency_links to ../../build/parameters_package/parameters_package.egg-info/dependency_links.txt
[0.684s] writing entry points to ../../build/parameters_package/parameters_package.egg-info/entry_points.txt
[0.684s] writing requirements to ../../build/parameters_package/parameters_package.egg-info/requires.txt
[0.684s] writing top-level names to ../../build/parameters_package/parameters_package.egg-info/top_level.txt
[0.685s] reading manifest file '../../build/parameters_package/parameters_package.egg-info/SOURCES.txt'
[0.685s] adding license file 'LICENSE'
[0.685s] writing manifest file '../../build/parameters_package/parameters_package.egg-info/SOURCES.txt'
[0.685s] running build
[0.685s] running build_py
[0.685s] copying parameters_package/alternating_publisher.py -> /home/davey/ros2-learning-portfolio/build/parameters_package/build/lib/parameters_package
[0.686s] running install
[0.686s] running install_lib
[0.686s] copying /home/davey/ros2-learning-portfolio/build/parameters_package/build/lib/parameters_package/alternating_publisher.py -> /home/davey/ros2-learning-portfolio/install/parameters_package/lib/python3.10/site-packages/parameters_package
[0.686s] byte-compiling /home/davey/ros2-learning-portfolio/install/parameters_package/lib/python3.10/site-packages/parameters_package/alternating_publisher.py to alternating_publisher.cpython-310.pyc
[0.687s] running install_data
[0.687s] running install_egg_info
[0.688s] removing '/home/davey/ros2-learning-portfolio/install/parameters_package/lib/python3.10/site-packages/parameters_package-0.0.0-py3.10.egg-info' (and everything under it)
[0.688s] Copying ../../build/parameters_package/parameters_package.egg-info to /home/davey/ros2-learning-portfolio/install/parameters_package/lib/python3.10/site-packages/parameters_package-0.0.0-py3.10.egg-info
[0.688s] running install_scripts
[0.746s] Installing alternating_publisher script to /home/davey/ros2-learning-portfolio/install/parameters_package/lib/parameters_package
[0.746s] Installing hello_world script to /home/davey/ros2-learning-portfolio/install/parameters_package/lib/parameters_package
[0.746s] Installing square_client script to /home/davey/ros2-learning-portfolio/install/parameters_package/lib/parameters_package
[0.746s] Installing square_service script to /home/davey/ros2-learning-portfolio/install/parameters_package/lib/parameters_package
[0.747s] writing list of installed files to '/home/davey/ros2-learning-portfolio/build/parameters_package/install.log'
[0.763s] Invoked command in '/home/davey/ros2-learning-portfolio/src/parameters_package' returned '0': PYTHONPATH=/home/davey/ros2-learning-portfolio/build/parameters_package/prefix_override:/usr/lib/python3/dist-packages/colcon_core/task/python/colcon_distutils_commands:/home/davey/ros2-learning-portfolio/install/parameters_package/lib/python3.10/site-packages:${PYTHONPATH} /usr/bin/python3 -W ignore:setup.py install is deprecated setup.py egg_info --egg-base ../../build/parameters_package build --build-base /home/davey/ros2-learning-portfolio/build/parameters_package/build install --record /home/davey/ros2-learning-portfolio/build/parameters_package/install.log --single-version-externally-managed install_data
